[2024-11-10T17:14:44.409+0000] {local_task_job_runner.py:123} INFO - ::group::Pre task execution logs
[2024-11-10T17:14:44.423+0000] {taskinstance.py:2612} INFO - Dependencies all met for dep_context=non-requeueable deps ti=<TaskInstance: openbrewerydb_dag.spark_submit_bronze_job manual__2024-11-10T17:14:43.265198+00:00 [queued]>
[2024-11-10T17:14:44.430+0000] {taskinstance.py:2612} INFO - Dependencies all met for dep_context=requeueable deps ti=<TaskInstance: openbrewerydb_dag.spark_submit_bronze_job manual__2024-11-10T17:14:43.265198+00:00 [queued]>
[2024-11-10T17:14:44.430+0000] {taskinstance.py:2865} INFO - Starting attempt 1 of 1
[2024-11-10T17:14:44.439+0000] {taskinstance.py:2888} INFO - Executing <Task(BashOperator): spark_submit_bronze_job> on 2024-11-10 17:14:43.265198+00:00
[2024-11-10T17:14:44.446+0000] {warnings.py:112} WARNING - /home/***/.local/lib/python3.12/site-packages/***/task/task_runner/standard_task_runner.py:70: DeprecationWarning: This process (pid=2248) is multi-threaded, use of fork() may lead to deadlocks in the child.
  pid = os.fork()

[2024-11-10T17:14:44.447+0000] {standard_task_runner.py:72} INFO - Started process 2249 to run task
[2024-11-10T17:14:44.447+0000] {standard_task_runner.py:104} INFO - Running: ['***', 'tasks', 'run', 'openbrewerydb_dag', 'spark_submit_bronze_job', 'manual__2024-11-10T17:14:43.265198+00:00', '--job-id', '80', '--raw', '--subdir', 'DAGS_FOLDER/openbrewerydb_dag.py', '--cfg-path', '/tmp/tmp0ogj4xui']
[2024-11-10T17:14:44.448+0000] {standard_task_runner.py:105} INFO - Job 80: Subtask spark_submit_bronze_job
[2024-11-10T17:14:44.481+0000] {task_command.py:467} INFO - Running <TaskInstance: openbrewerydb_dag.spark_submit_bronze_job manual__2024-11-10T17:14:43.265198+00:00 [running]> on host 5dee1e87bc96
[2024-11-10T17:14:44.549+0000] {taskinstance.py:3131} INFO - Exporting env vars: AIRFLOW_CTX_DAG_OWNER='***' AIRFLOW_CTX_DAG_ID='openbrewerydb_dag' AIRFLOW_CTX_TASK_ID='spark_submit_bronze_job' AIRFLOW_CTX_EXECUTION_DATE='2024-11-10T17:14:43.265198+00:00' AIRFLOW_CTX_TRY_NUMBER='1' AIRFLOW_CTX_DAG_RUN_ID='manual__2024-11-10T17:14:43.265198+00:00'
[2024-11-10T17:14:44.549+0000] {taskinstance.py:731} INFO - ::endgroup::
[2024-11-10T17:14:44.562+0000] {subprocess.py:63} INFO - Tmp dir root location: /tmp
[2024-11-10T17:14:44.562+0000] {subprocess.py:75} INFO - Running command: ['/usr/bin/bash', '-c', '\n    spark-submit         --master spark://spark-master:7077         --jars /opt/***/dags/scripts/jars/hadoop-azure-3.4.1.jar,/opt/***/dags/scripts/jars/azure-storage-8.6.6.jar,/opt/***/dags/scripts/jars/jetty-server-9.4.45.v20220203.jar,/opt/***/dags/scripts/jars/jetty-util-9.4.45.v20220203.jar,/opt/***/dags/scripts/jars/jetty-util-ajax-9.4.45.v20220203.jar         /opt/***/dags/scripts/bronze_layer.py\n    ']
[2024-11-10T17:14:44.574+0000] {subprocess.py:86} INFO - Output:
[2024-11-10T17:14:45.976+0000] {subprocess.py:93} INFO - 24/11/10 17:14:45 WARN NativeCodeLoader: Unable to load native-hadoop library for your platform... using builtin-java classes where applicable
[2024-11-10T17:14:47.582+0000] {subprocess.py:93} INFO - 2024-11-10 17:14:47,582 - INFO - Pipeline execution started.
[2024-11-10T17:14:47.583+0000] {subprocess.py:93} INFO - 2024-11-10 17:14:47,582 - INFO - Initializing Spark session.
[2024-11-10T17:14:47.638+0000] {subprocess.py:93} INFO - 24/11/10 17:14:47 INFO SparkContext: Running Spark version 3.5.3
[2024-11-10T17:14:47.638+0000] {subprocess.py:93} INFO - 24/11/10 17:14:47 INFO SparkContext: OS info Linux, 6.10.13-3-MANJARO, amd64
[2024-11-10T17:14:47.638+0000] {subprocess.py:93} INFO - 24/11/10 17:14:47 INFO SparkContext: Java version 17.0.13
[2024-11-10T17:14:47.670+0000] {subprocess.py:93} INFO - 24/11/10 17:14:47 INFO ResourceUtils: ==============================================================
[2024-11-10T17:14:47.670+0000] {subprocess.py:93} INFO - 24/11/10 17:14:47 INFO ResourceUtils: No custom resources configured for spark.driver.
[2024-11-10T17:14:47.670+0000] {subprocess.py:93} INFO - 24/11/10 17:14:47 INFO ResourceUtils: ==============================================================
[2024-11-10T17:14:47.671+0000] {subprocess.py:93} INFO - 24/11/10 17:14:47 INFO SparkContext: Submitted application: Brewery Data Pipeline
[2024-11-10T17:14:47.689+0000] {subprocess.py:93} INFO - 24/11/10 17:14:47 INFO ResourceProfile: Default ResourceProfile created, executor resources: Map(cores -> name: cores, amount: 1, script: , vendor: , memory -> name: memory, amount: 1024, script: , vendor: , offHeap -> name: offHeap, amount: 0, script: , vendor: ), task resources: Map(cpus -> name: cpus, amount: 1.0)
[2024-11-10T17:14:47.695+0000] {subprocess.py:93} INFO - 24/11/10 17:14:47 INFO ResourceProfile: Limiting resource is cpu
[2024-11-10T17:14:47.695+0000] {subprocess.py:93} INFO - 24/11/10 17:14:47 INFO ResourceProfileManager: Added ResourceProfile id: 0
[2024-11-10T17:14:47.739+0000] {subprocess.py:93} INFO - 24/11/10 17:14:47 INFO SecurityManager: Changing view acls to: ***
[2024-11-10T17:14:47.740+0000] {subprocess.py:93} INFO - 24/11/10 17:14:47 INFO SecurityManager: Changing modify acls to: ***
[2024-11-10T17:14:47.741+0000] {subprocess.py:93} INFO - 24/11/10 17:14:47 INFO SecurityManager: Changing view acls groups to:
[2024-11-10T17:14:47.741+0000] {subprocess.py:93} INFO - 24/11/10 17:14:47 INFO SecurityManager: Changing modify acls groups to:
[2024-11-10T17:14:47.741+0000] {subprocess.py:93} INFO - 24/11/10 17:14:47 INFO SecurityManager: SecurityManager: authentication disabled; ui acls disabled; users with view permissions: ***; groups with view permissions: EMPTY; users with modify permissions: ***; groups with modify permissions: EMPTY
[2024-11-10T17:14:47.900+0000] {subprocess.py:93} INFO - 24/11/10 17:14:47 INFO Utils: Successfully started service 'sparkDriver' on port 40569.
[2024-11-10T17:14:47.925+0000] {subprocess.py:93} INFO - 24/11/10 17:14:47 INFO SparkEnv: Registering MapOutputTracker
[2024-11-10T17:14:47.957+0000] {subprocess.py:93} INFO - 24/11/10 17:14:47 INFO SparkEnv: Registering BlockManagerMaster
[2024-11-10T17:14:47.975+0000] {subprocess.py:93} INFO - 24/11/10 17:14:47 INFO BlockManagerMasterEndpoint: Using org.apache.spark.storage.DefaultTopologyMapper for getting topology information
[2024-11-10T17:14:47.981+0000] {subprocess.py:93} INFO - 24/11/10 17:14:47 INFO BlockManagerMasterEndpoint: BlockManagerMasterEndpoint up
[2024-11-10T17:14:47.985+0000] {subprocess.py:93} INFO - 24/11/10 17:14:47 INFO SparkEnv: Registering BlockManagerMasterHeartbeat
[2024-11-10T17:14:48.020+0000] {subprocess.py:93} INFO - 24/11/10 17:14:48 INFO DiskBlockManager: Created local directory at /tmp/blockmgr-b1cfb194-cfb7-4b05-aa76-b2ed6cb7fd18
[2024-11-10T17:14:48.036+0000] {subprocess.py:93} INFO - 24/11/10 17:14:48 INFO MemoryStore: MemoryStore started with capacity 434.4 MiB
[2024-11-10T17:14:48.055+0000] {subprocess.py:93} INFO - 24/11/10 17:14:48 INFO SparkEnv: Registering OutputCommitCoordinator
[2024-11-10T17:14:48.184+0000] {subprocess.py:93} INFO - 24/11/10 17:14:48 INFO JettyUtils: Start Jetty 0.0.0.0:4040 for SparkUI
[2024-11-10T17:14:48.250+0000] {subprocess.py:93} INFO - 24/11/10 17:14:48 INFO Utils: Successfully started service 'SparkUI' on port 4040.
[2024-11-10T17:14:48.279+0000] {subprocess.py:93} INFO - 24/11/10 17:14:48 INFO SparkContext: Added JAR file:///opt/***/dags/scripts/jars/hadoop-azure-3.4.1.jar at spark://5dee1e87bc96:40569/jars/hadoop-azure-3.4.1.jar with timestamp 1731258887629
[2024-11-10T17:14:48.280+0000] {subprocess.py:93} INFO - 24/11/10 17:14:48 INFO SparkContext: Added JAR file:///opt/***/dags/scripts/jars/azure-storage-8.6.6.jar at spark://5dee1e87bc96:40569/jars/azure-storage-8.6.6.jar with timestamp 1731258887629
[2024-11-10T17:14:48.280+0000] {subprocess.py:93} INFO - 24/11/10 17:14:48 INFO SparkContext: Added JAR file:///opt/***/dags/scripts/jars/jetty-server-9.4.45.v20220203.jar at spark://5dee1e87bc96:40569/jars/jetty-server-9.4.45.v20220203.jar with timestamp 1731258887629
[2024-11-10T17:14:48.280+0000] {subprocess.py:93} INFO - 24/11/10 17:14:48 INFO SparkContext: Added JAR file:///opt/***/dags/scripts/jars/jetty-util-9.4.45.v20220203.jar at spark://5dee1e87bc96:40569/jars/jetty-util-9.4.45.v20220203.jar with timestamp 1731258887629
[2024-11-10T17:14:48.280+0000] {subprocess.py:93} INFO - 24/11/10 17:14:48 INFO SparkContext: Added JAR file:///opt/***/dags/scripts/jars/jetty-util-ajax-9.4.45.v20220203.jar at spark://5dee1e87bc96:40569/jars/jetty-util-ajax-9.4.45.v20220203.jar with timestamp 1731258887629
[2024-11-10T17:14:48.331+0000] {subprocess.py:93} INFO - 24/11/10 17:14:48 INFO Executor: Starting executor ID driver on host 5dee1e87bc96
[2024-11-10T17:14:48.331+0000] {subprocess.py:93} INFO - 24/11/10 17:14:48 INFO Executor: OS info Linux, 6.10.13-3-MANJARO, amd64
[2024-11-10T17:14:48.332+0000] {subprocess.py:93} INFO - 24/11/10 17:14:48 INFO Executor: Java version 17.0.13
[2024-11-10T17:14:48.336+0000] {subprocess.py:93} INFO - 24/11/10 17:14:48 INFO Executor: Starting executor with user classpath (userClassPathFirst = false): ''
[2024-11-10T17:14:48.336+0000] {subprocess.py:93} INFO - 24/11/10 17:14:48 INFO Executor: Created or updated repl class loader org.apache.spark.util.MutableURLClassLoader@4b2af96d for default.
[2024-11-10T17:14:48.345+0000] {subprocess.py:93} INFO - 24/11/10 17:14:48 INFO Executor: Fetching spark://5dee1e87bc96:40569/jars/jetty-util-9.4.45.v20220203.jar with timestamp 1731258887629
[2024-11-10T17:14:48.379+0000] {subprocess.py:93} INFO - 24/11/10 17:14:48 INFO TransportClientFactory: Successfully created connection to 5dee1e87bc96/172.18.0.7:40569 after 18 ms (0 ms spent in bootstraps)
[2024-11-10T17:14:48.383+0000] {subprocess.py:93} INFO - 24/11/10 17:14:48 INFO Utils: Fetching spark://5dee1e87bc96:40569/jars/jetty-util-9.4.45.v20220203.jar to /tmp/spark-7c7d0767-98d9-4c34-bbe3-38fd61c32234/userFiles-441db075-d174-430c-8b9f-8116eb81949b/fetchFileTemp7150370143885357649.tmp
[2024-11-10T17:14:48.409+0000] {subprocess.py:93} INFO - 24/11/10 17:14:48 INFO Executor: Adding file:/tmp/spark-7c7d0767-98d9-4c34-bbe3-38fd61c32234/userFiles-441db075-d174-430c-8b9f-8116eb81949b/jetty-util-9.4.45.v20220203.jar to class loader default
[2024-11-10T17:14:48.410+0000] {subprocess.py:93} INFO - 24/11/10 17:14:48 INFO Executor: Fetching spark://5dee1e87bc96:40569/jars/hadoop-azure-3.4.1.jar with timestamp 1731258887629
[2024-11-10T17:14:48.410+0000] {subprocess.py:93} INFO - 24/11/10 17:14:48 INFO Utils: Fetching spark://5dee1e87bc96:40569/jars/hadoop-azure-3.4.1.jar to /tmp/spark-7c7d0767-98d9-4c34-bbe3-38fd61c32234/userFiles-441db075-d174-430c-8b9f-8116eb81949b/fetchFileTemp14064808907444239978.tmp
[2024-11-10T17:14:48.416+0000] {subprocess.py:93} INFO - 24/11/10 17:14:48 INFO Executor: Adding file:/tmp/spark-7c7d0767-98d9-4c34-bbe3-38fd61c32234/userFiles-441db075-d174-430c-8b9f-8116eb81949b/hadoop-azure-3.4.1.jar to class loader default
[2024-11-10T17:14:48.417+0000] {subprocess.py:93} INFO - 24/11/10 17:14:48 INFO Executor: Fetching spark://5dee1e87bc96:40569/jars/jetty-server-9.4.45.v20220203.jar with timestamp 1731258887629
[2024-11-10T17:14:48.418+0000] {subprocess.py:93} INFO - 24/11/10 17:14:48 INFO Utils: Fetching spark://5dee1e87bc96:40569/jars/jetty-server-9.4.45.v20220203.jar to /tmp/spark-7c7d0767-98d9-4c34-bbe3-38fd61c32234/userFiles-441db075-d174-430c-8b9f-8116eb81949b/fetchFileTemp9956378300904854823.tmp
[2024-11-10T17:14:48.424+0000] {subprocess.py:93} INFO - 24/11/10 17:14:48 INFO Executor: Adding file:/tmp/spark-7c7d0767-98d9-4c34-bbe3-38fd61c32234/userFiles-441db075-d174-430c-8b9f-8116eb81949b/jetty-server-9.4.45.v20220203.jar to class loader default
[2024-11-10T17:14:48.425+0000] {subprocess.py:93} INFO - 24/11/10 17:14:48 INFO Executor: Fetching spark://5dee1e87bc96:40569/jars/azure-storage-8.6.6.jar with timestamp 1731258887629
[2024-11-10T17:14:48.425+0000] {subprocess.py:93} INFO - 24/11/10 17:14:48 INFO Utils: Fetching spark://5dee1e87bc96:40569/jars/azure-storage-8.6.6.jar to /tmp/spark-7c7d0767-98d9-4c34-bbe3-38fd61c32234/userFiles-441db075-d174-430c-8b9f-8116eb81949b/fetchFileTemp778871720186912002.tmp
[2024-11-10T17:14:48.431+0000] {subprocess.py:93} INFO - 24/11/10 17:14:48 INFO Executor: Adding file:/tmp/spark-7c7d0767-98d9-4c34-bbe3-38fd61c32234/userFiles-441db075-d174-430c-8b9f-8116eb81949b/azure-storage-8.6.6.jar to class loader default
[2024-11-10T17:14:48.432+0000] {subprocess.py:93} INFO - 24/11/10 17:14:48 INFO Executor: Fetching spark://5dee1e87bc96:40569/jars/jetty-util-ajax-9.4.45.v20220203.jar with timestamp 1731258887629
[2024-11-10T17:14:48.432+0000] {subprocess.py:93} INFO - 24/11/10 17:14:48 INFO Utils: Fetching spark://5dee1e87bc96:40569/jars/jetty-util-ajax-9.4.45.v20220203.jar to /tmp/spark-7c7d0767-98d9-4c34-bbe3-38fd61c32234/userFiles-441db075-d174-430c-8b9f-8116eb81949b/fetchFileTemp6242289578004109273.tmp
[2024-11-10T17:14:48.437+0000] {subprocess.py:93} INFO - 24/11/10 17:14:48 INFO Executor: Adding file:/tmp/spark-7c7d0767-98d9-4c34-bbe3-38fd61c32234/userFiles-441db075-d174-430c-8b9f-8116eb81949b/jetty-util-ajax-9.4.45.v20220203.jar to class loader default
[2024-11-10T17:14:48.445+0000] {subprocess.py:93} INFO - 24/11/10 17:14:48 INFO Utils: Successfully started service 'org.apache.spark.network.netty.NettyBlockTransferService' on port 39431.
[2024-11-10T17:14:48.445+0000] {subprocess.py:93} INFO - 24/11/10 17:14:48 INFO NettyBlockTransferService: Server created on 5dee1e87bc96:39431
[2024-11-10T17:14:48.446+0000] {subprocess.py:93} INFO - 24/11/10 17:14:48 INFO BlockManager: Using org.apache.spark.storage.RandomBlockReplicationPolicy for block replication policy
[2024-11-10T17:14:48.452+0000] {subprocess.py:93} INFO - 24/11/10 17:14:48 INFO BlockManagerMaster: Registering BlockManager BlockManagerId(driver, 5dee1e87bc96, 39431, None)
[2024-11-10T17:14:48.458+0000] {subprocess.py:93} INFO - 24/11/10 17:14:48 INFO BlockManagerMasterEndpoint: Registering block manager 5dee1e87bc96:39431 with 434.4 MiB RAM, BlockManagerId(driver, 5dee1e87bc96, 39431, None)
[2024-11-10T17:14:48.460+0000] {subprocess.py:93} INFO - 24/11/10 17:14:48 INFO BlockManagerMaster: Registered BlockManager BlockManagerId(driver, 5dee1e87bc96, 39431, None)
[2024-11-10T17:14:48.461+0000] {subprocess.py:93} INFO - 24/11/10 17:14:48 INFO BlockManager: Initialized BlockManager: BlockManagerId(driver, 5dee1e87bc96, 39431, None)
[2024-11-10T17:14:48.761+0000] {subprocess.py:93} INFO - 2024-11-10 17:14:48,761 - INFO - Fetching brewery data from the API.
[2024-11-10T17:15:24.771+0000] {local_task_job_runner.py:346} WARNING - State of this instance has been externally set to restarting. Terminating instance.
[2024-11-10T17:15:24.771+0000] {local_task_job_runner.py:245} INFO - ::endgroup::
[2024-11-10T17:15:24.772+0000] {process_utils.py:132} INFO - Sending 15 to group 2249. PIDs of all processes in the group: [2251, 2252, 2314, 2249]
[2024-11-10T17:15:24.773+0000] {process_utils.py:87} INFO - Sending the signal 15 to group 2249
[2024-11-10T17:15:24.773+0000] {taskinstance.py:3092} ERROR - Received SIGTERM. Terminating subprocesses.
[2024-11-10T17:15:24.773+0000] {subprocess.py:104} INFO - Sending SIGTERM signal to process group
[2024-11-10T17:15:24.786+0000] {process_utils.py:80} INFO - Process psutil.Process(pid=2314, status='terminated', started='17:14:46') (2314) terminated with exit code None
[2024-11-10T17:15:24.786+0000] {taskinstance.py:3310} ERROR - Task failed with exception
Traceback (most recent call last):
  File "/home/airflow/.local/lib/python3.12/site-packages/airflow/models/taskinstance.py", line 767, in _execute_task
    result = _execute_callable(context=context, **execute_callable_kwargs)
             ^^^^^^^^^^^^^^^^^^^^^^^^^^^^^^^^^^^^^^^^^^^^^^^^^^^^^^^^^^^^^
  File "/home/airflow/.local/lib/python3.12/site-packages/airflow/models/taskinstance.py", line 733, in _execute_callable
    return ExecutionCallableRunner(
           ^^^^^^^^^^^^^^^^^^^^^^^^
  File "/home/airflow/.local/lib/python3.12/site-packages/airflow/utils/operator_helpers.py", line 252, in run
    return self.func(*args, **kwargs)
           ^^^^^^^^^^^^^^^^^^^^^^^^^^
  File "/home/airflow/.local/lib/python3.12/site-packages/airflow/models/baseoperator.py", line 406, in wrapper
    return func(self, *args, **kwargs)
           ^^^^^^^^^^^^^^^^^^^^^^^^^^^
  File "/home/airflow/.local/lib/python3.12/site-packages/airflow/operators/bash.py", line 240, in execute
    result = self.subprocess_hook.run_command(
             ^^^^^^^^^^^^^^^^^^^^^^^^^^^^^^^^^
  File "/home/airflow/.local/lib/python3.12/site-packages/airflow/hooks/subprocess.py", line 91, in run_command
    for raw_line in iter(self.sub_process.stdout.readline, b""):
                    ^^^^^^^^^^^^^^^^^^^^^^^^^^^^^^^^^^^^^^^^^^^
  File "/home/airflow/.local/lib/python3.12/site-packages/airflow/models/taskinstance.py", line 3094, in signal_handler
    raise AirflowTaskTerminated("Task received SIGTERM signal")
airflow.exceptions.AirflowTaskTerminated: Task received SIGTERM signal
[2024-11-10T17:15:24.791+0000] {taskinstance.py:1225} INFO - Marking task as UP_FOR_RETRY. dag_id=openbrewerydb_dag, task_id=spark_submit_bronze_job, run_id=manual__2024-11-10T17:14:43.265198+00:00, execution_date=20241110T171443, start_date=20241110T171444, end_date=20241110T171524
[2024-11-10T17:15:24.805+0000] {taskinstance.py:340} INFO - ::group::Post task execution logs
[2024-11-10T17:15:24.839+0000] {process_utils.py:80} INFO - Process psutil.Process(pid=2251, status='terminated', started='17:14:44') (2251) terminated with exit code None
[2024-11-10T17:15:24.839+0000] {process_utils.py:80} INFO - Process psutil.Process(pid=2249, status='terminated', exitcode=2, started='17:14:44') (2249) terminated with exit code 2
[2024-11-10T17:15:24.866+0000] {process_utils.py:80} INFO - Process psutil.Process(pid=2252, status='terminated', started='17:14:44') (2252) terminated with exit code None
