[2024-11-10T14:43:43.722+0000] {local_task_job_runner.py:123} INFO - ::group::Pre task execution logs
[2024-11-10T14:43:43.736+0000] {taskinstance.py:2612} INFO - Dependencies all met for dep_context=non-requeueable deps ti=<TaskInstance: hello_world_email.send_hello_world_email manual__2024-11-10T14:43:42.424324+00:00 [queued]>
[2024-11-10T14:43:43.743+0000] {taskinstance.py:2612} INFO - Dependencies all met for dep_context=requeueable deps ti=<TaskInstance: hello_world_email.send_hello_world_email manual__2024-11-10T14:43:42.424324+00:00 [queued]>
[2024-11-10T14:43:43.743+0000] {taskinstance.py:2865} INFO - Starting attempt 1 of 2
[2024-11-10T14:43:43.755+0000] {taskinstance.py:2888} INFO - Executing <Task(PythonOperator): send_hello_world_email> on 2024-11-10 14:43:42.424324+00:00
[2024-11-10T14:43:43.760+0000] {warnings.py:112} WARNING - /home/***/.local/lib/python3.12/site-packages/***/task/task_runner/standard_task_runner.py:70: DeprecationWarning: This process (pid=64) is multi-threaded, use of fork() may lead to deadlocks in the child.
  pid = os.fork()

[2024-11-10T14:43:43.762+0000] {standard_task_runner.py:72} INFO - Started process 65 to run task
[2024-11-10T14:43:43.763+0000] {standard_task_runner.py:104} INFO - Running: ['***', 'tasks', 'run', 'hello_world_email', 'send_hello_world_email', 'manual__2024-11-10T14:43:42.424324+00:00', '--job-id', '57', '--raw', '--subdir', 'DAGS_FOLDER/emailalert_dag.py', '--cfg-path', '/tmp/tmpl8gdnhny']
[2024-11-10T14:43:43.764+0000] {standard_task_runner.py:105} INFO - Job 57: Subtask send_hello_world_email
[2024-11-10T14:43:43.798+0000] {task_command.py:467} INFO - Running <TaskInstance: hello_world_email.send_hello_world_email manual__2024-11-10T14:43:42.424324+00:00 [running]> on host 5dee1e87bc96
[2024-11-10T14:43:43.857+0000] {taskinstance.py:3131} INFO - Exporting env vars: AIRFLOW_CTX_DAG_EMAIL='brskyfolls@gmail.com' AIRFLOW_CTX_DAG_OWNER='***' AIRFLOW_CTX_DAG_ID='hello_world_email' AIRFLOW_CTX_TASK_ID='send_hello_world_email' AIRFLOW_CTX_EXECUTION_DATE='2024-11-10T14:43:42.424324+00:00' AIRFLOW_CTX_TRY_NUMBER='1' AIRFLOW_CTX_DAG_RUN_ID='manual__2024-11-10T14:43:42.424324+00:00'
[2024-11-10T14:43:43.858+0000] {taskinstance.py:731} INFO - ::endgroup::
[2024-11-10T14:43:43.889+0000] {warnings.py:112} WARNING - /home/***/.local/lib/python3.12/site-packages/***/utils/email.py:155: RemovedInAirflow3Warning: Fetching SMTP credentials from configuration variables will be deprecated in a future release. Please set credentials using a connection instead.
  send_mime_email(e_from=mail_from, e_to=recipients, mime_msg=msg, conn_id=conn_id, dryrun=dryrun)

[2024-11-10T14:43:43.889+0000] {email.py:272} INFO - Email alerting: attempt 1
[2024-11-10T14:43:45.989+0000] {email.py:283} INFO - Sent an alert email to ['brskyfolls@gmail.com']
[2024-11-10T14:43:48.242+0000] {python.py:240} INFO - Done. Returned value was: None
[2024-11-10T14:43:48.257+0000] {taskinstance.py:340} INFO - ::group::Post task execution logs
[2024-11-10T14:43:48.258+0000] {taskinstance.py:352} INFO - Marking task as SUCCESS. dag_id=hello_world_email, task_id=send_hello_world_email, run_id=manual__2024-11-10T14:43:42.424324+00:00, execution_date=20241110T144342, start_date=20241110T144343, end_date=20241110T144348
[2024-11-10T14:43:48.309+0000] {local_task_job_runner.py:266} INFO - Task exited with return code 0
[2024-11-10T14:43:48.322+0000] {taskinstance.py:3900} INFO - 0 downstream tasks scheduled from follow-on schedule check
[2024-11-10T14:43:48.323+0000] {local_task_job_runner.py:245} INFO - ::endgroup::
