[2024-11-10T17:13:58.029+0000] {local_task_job_runner.py:123} INFO - ::group::Pre task execution logs
[2024-11-10T17:13:58.045+0000] {taskinstance.py:2612} INFO - Dependencies all met for dep_context=non-requeueable deps ti=<TaskInstance: openbrewerydb_dag.spark_submit_bronze_job manual__2024-11-10T17:13:57.477306+00:00 [queued]>
[2024-11-10T17:13:58.053+0000] {taskinstance.py:2612} INFO - Dependencies all met for dep_context=requeueable deps ti=<TaskInstance: openbrewerydb_dag.spark_submit_bronze_job manual__2024-11-10T17:13:57.477306+00:00 [queued]>
[2024-11-10T17:13:58.053+0000] {taskinstance.py:2865} INFO - Starting attempt 1 of 2
[2024-11-10T17:13:58.062+0000] {taskinstance.py:2888} INFO - Executing <Task(BashOperator): spark_submit_bronze_job> on 2024-11-10 17:13:57.477306+00:00
[2024-11-10T17:13:58.068+0000] {warnings.py:112} WARNING - /home/***/.local/lib/python3.12/site-packages/***/task/task_runner/standard_task_runner.py:70: DeprecationWarning: This process (pid=2055) is multi-threaded, use of fork() may lead to deadlocks in the child.
  pid = os.fork()

[2024-11-10T17:13:58.069+0000] {standard_task_runner.py:72} INFO - Started process 2056 to run task
[2024-11-10T17:13:58.069+0000] {standard_task_runner.py:104} INFO - Running: ['***', 'tasks', 'run', 'openbrewerydb_dag', 'spark_submit_bronze_job', 'manual__2024-11-10T17:13:57.477306+00:00', '--job-id', '79', '--raw', '--subdir', 'DAGS_FOLDER/openbrewerydb_dag.py', '--cfg-path', '/tmp/tmp2xueajcs']
[2024-11-10T17:13:58.070+0000] {standard_task_runner.py:105} INFO - Job 79: Subtask spark_submit_bronze_job
[2024-11-10T17:13:58.101+0000] {task_command.py:467} INFO - Running <TaskInstance: openbrewerydb_dag.spark_submit_bronze_job manual__2024-11-10T17:13:57.477306+00:00 [running]> on host 5dee1e87bc96
[2024-11-10T17:13:58.161+0000] {taskinstance.py:3131} INFO - Exporting env vars: AIRFLOW_CTX_DAG_OWNER='***' AIRFLOW_CTX_DAG_ID='openbrewerydb_dag' AIRFLOW_CTX_TASK_ID='spark_submit_bronze_job' AIRFLOW_CTX_EXECUTION_DATE='2024-11-10T17:13:57.477306+00:00' AIRFLOW_CTX_TRY_NUMBER='1' AIRFLOW_CTX_DAG_RUN_ID='manual__2024-11-10T17:13:57.477306+00:00'
[2024-11-10T17:13:58.161+0000] {taskinstance.py:731} INFO - ::endgroup::
[2024-11-10T17:13:58.173+0000] {subprocess.py:63} INFO - Tmp dir root location: /tmp
[2024-11-10T17:13:58.174+0000] {subprocess.py:75} INFO - Running command: ['/usr/bin/bash', '-c', '\n    spark-submit         --master spark://spark-master:7077         --jars /opt/***/dags/scripts/jars/hadoop-azure-3.4.1.jar,/opt/***/dags/scripts/jars/azure-storage-8.6.6.jar,/opt/***/dags/scripts/jars/jetty-server-9.4.45.v20220203.jar,/opt/***/dags/scripts/jars/jetty-util-9.4.45.v20220203.jar,/opt/***/dags/scripts/jars/jetty-util-ajax-9.4.45.v20220203.jar         /opt/***/dags/scripts/bronze_layer.py\n    ']
[2024-11-10T17:13:58.186+0000] {subprocess.py:86} INFO - Output:
[2024-11-10T17:13:59.578+0000] {subprocess.py:93} INFO - 24/11/10 17:13:59 WARN NativeCodeLoader: Unable to load native-hadoop library for your platform... using builtin-java classes where applicable
[2024-11-10T17:14:01.405+0000] {subprocess.py:93} INFO - 2024-11-10 17:14:01,405 - INFO - Pipeline execution started.
[2024-11-10T17:14:01.405+0000] {subprocess.py:93} INFO - 2024-11-10 17:14:01,405 - INFO - Initializing Spark session.
[2024-11-10T17:14:01.452+0000] {subprocess.py:93} INFO - 24/11/10 17:14:01 INFO SparkContext: Running Spark version 3.5.3
[2024-11-10T17:14:01.452+0000] {subprocess.py:93} INFO - 24/11/10 17:14:01 INFO SparkContext: OS info Linux, 6.10.13-3-MANJARO, amd64
[2024-11-10T17:14:01.453+0000] {subprocess.py:93} INFO - 24/11/10 17:14:01 INFO SparkContext: Java version 17.0.13
[2024-11-10T17:14:01.474+0000] {subprocess.py:93} INFO - 24/11/10 17:14:01 INFO ResourceUtils: ==============================================================
[2024-11-10T17:14:01.475+0000] {subprocess.py:93} INFO - 24/11/10 17:14:01 INFO ResourceUtils: No custom resources configured for spark.driver.
[2024-11-10T17:14:01.475+0000] {subprocess.py:93} INFO - 24/11/10 17:14:01 INFO ResourceUtils: ==============================================================
[2024-11-10T17:14:01.476+0000] {subprocess.py:93} INFO - 24/11/10 17:14:01 INFO SparkContext: Submitted application: Brewery Data Pipeline
[2024-11-10T17:14:01.491+0000] {subprocess.py:93} INFO - 24/11/10 17:14:01 INFO ResourceProfile: Default ResourceProfile created, executor resources: Map(cores -> name: cores, amount: 1, script: , vendor: , memory -> name: memory, amount: 1024, script: , vendor: , offHeap -> name: offHeap, amount: 0, script: , vendor: ), task resources: Map(cpus -> name: cpus, amount: 1.0)
[2024-11-10T17:14:01.498+0000] {subprocess.py:93} INFO - 24/11/10 17:14:01 INFO ResourceProfile: Limiting resource is cpu
[2024-11-10T17:14:01.499+0000] {subprocess.py:93} INFO - 24/11/10 17:14:01 INFO ResourceProfileManager: Added ResourceProfile id: 0
[2024-11-10T17:14:01.541+0000] {subprocess.py:93} INFO - 24/11/10 17:14:01 INFO SecurityManager: Changing view acls to: ***
[2024-11-10T17:14:01.542+0000] {subprocess.py:93} INFO - 24/11/10 17:14:01 INFO SecurityManager: Changing modify acls to: ***
[2024-11-10T17:14:01.542+0000] {subprocess.py:93} INFO - 24/11/10 17:14:01 INFO SecurityManager: Changing view acls groups to:
[2024-11-10T17:14:01.543+0000] {subprocess.py:93} INFO - 24/11/10 17:14:01 INFO SecurityManager: Changing modify acls groups to:
[2024-11-10T17:14:01.543+0000] {subprocess.py:93} INFO - 24/11/10 17:14:01 INFO SecurityManager: SecurityManager: authentication disabled; ui acls disabled; users with view permissions: ***; groups with view permissions: EMPTY; users with modify permissions: ***; groups with modify permissions: EMPTY
[2024-11-10T17:14:01.718+0000] {subprocess.py:93} INFO - 24/11/10 17:14:01 INFO Utils: Successfully started service 'sparkDriver' on port 33865.
[2024-11-10T17:14:01.741+0000] {subprocess.py:93} INFO - 24/11/10 17:14:01 INFO SparkEnv: Registering MapOutputTracker
[2024-11-10T17:14:01.779+0000] {subprocess.py:93} INFO - 24/11/10 17:14:01 INFO SparkEnv: Registering BlockManagerMaster
[2024-11-10T17:14:01.797+0000] {subprocess.py:93} INFO - 24/11/10 17:14:01 INFO BlockManagerMasterEndpoint: Using org.apache.spark.storage.DefaultTopologyMapper for getting topology information
[2024-11-10T17:14:01.798+0000] {subprocess.py:93} INFO - 24/11/10 17:14:01 INFO BlockManagerMasterEndpoint: BlockManagerMasterEndpoint up
[2024-11-10T17:14:01.803+0000] {subprocess.py:93} INFO - 24/11/10 17:14:01 INFO SparkEnv: Registering BlockManagerMasterHeartbeat
[2024-11-10T17:14:01.827+0000] {subprocess.py:93} INFO - 24/11/10 17:14:01 INFO DiskBlockManager: Created local directory at /tmp/blockmgr-cc60d276-271d-44d4-bae7-bdb6fb46dbdb
[2024-11-10T17:14:01.844+0000] {subprocess.py:93} INFO - 24/11/10 17:14:01 INFO MemoryStore: MemoryStore started with capacity 434.4 MiB
[2024-11-10T17:14:01.876+0000] {subprocess.py:93} INFO - 24/11/10 17:14:01 INFO SparkEnv: Registering OutputCommitCoordinator
[2024-11-10T17:14:02.037+0000] {subprocess.py:93} INFO - 24/11/10 17:14:02 INFO JettyUtils: Start Jetty 0.0.0.0:4040 for SparkUI
[2024-11-10T17:14:02.142+0000] {subprocess.py:93} INFO - 24/11/10 17:14:02 INFO Utils: Successfully started service 'SparkUI' on port 4040.
[2024-11-10T17:14:02.176+0000] {subprocess.py:93} INFO - 24/11/10 17:14:02 INFO SparkContext: Added JAR file:///opt/***/dags/scripts/jars/hadoop-azure-3.4.1.jar at spark://5dee1e87bc96:33865/jars/hadoop-azure-3.4.1.jar with timestamp 1731258841445
[2024-11-10T17:14:02.177+0000] {subprocess.py:93} INFO - 24/11/10 17:14:02 INFO SparkContext: Added JAR file:///opt/***/dags/scripts/jars/azure-storage-8.6.6.jar at spark://5dee1e87bc96:33865/jars/azure-storage-8.6.6.jar with timestamp 1731258841445
[2024-11-10T17:14:02.177+0000] {subprocess.py:93} INFO - 24/11/10 17:14:02 INFO SparkContext: Added JAR file:///opt/***/dags/scripts/jars/jetty-server-9.4.45.v20220203.jar at spark://5dee1e87bc96:33865/jars/jetty-server-9.4.45.v20220203.jar with timestamp 1731258841445
[2024-11-10T17:14:02.177+0000] {subprocess.py:93} INFO - 24/11/10 17:14:02 INFO SparkContext: Added JAR file:///opt/***/dags/scripts/jars/jetty-util-9.4.45.v20220203.jar at spark://5dee1e87bc96:33865/jars/jetty-util-9.4.45.v20220203.jar with timestamp 1731258841445
[2024-11-10T17:14:02.177+0000] {subprocess.py:93} INFO - 24/11/10 17:14:02 INFO SparkContext: Added JAR file:///opt/***/dags/scripts/jars/jetty-util-ajax-9.4.45.v20220203.jar at spark://5dee1e87bc96:33865/jars/jetty-util-ajax-9.4.45.v20220203.jar with timestamp 1731258841445
[2024-11-10T17:14:02.231+0000] {subprocess.py:93} INFO - 24/11/10 17:14:02 INFO Executor: Starting executor ID driver on host 5dee1e87bc96
[2024-11-10T17:14:02.232+0000] {subprocess.py:93} INFO - 24/11/10 17:14:02 INFO Executor: OS info Linux, 6.10.13-3-MANJARO, amd64
[2024-11-10T17:14:02.232+0000] {subprocess.py:93} INFO - 24/11/10 17:14:02 INFO Executor: Java version 17.0.13
[2024-11-10T17:14:02.237+0000] {subprocess.py:93} INFO - 24/11/10 17:14:02 INFO Executor: Starting executor with user classpath (userClassPathFirst = false): ''
[2024-11-10T17:14:02.238+0000] {subprocess.py:93} INFO - 24/11/10 17:14:02 INFO Executor: Created or updated repl class loader org.apache.spark.util.MutableURLClassLoader@4b2af96d for default.
[2024-11-10T17:14:02.246+0000] {subprocess.py:93} INFO - 24/11/10 17:14:02 INFO Executor: Fetching spark://5dee1e87bc96:33865/jars/azure-storage-8.6.6.jar with timestamp 1731258841445
[2024-11-10T17:14:02.286+0000] {subprocess.py:93} INFO - 24/11/10 17:14:02 INFO TransportClientFactory: Successfully created connection to 5dee1e87bc96/172.18.0.7:33865 after 19 ms (0 ms spent in bootstraps)
[2024-11-10T17:14:02.292+0000] {subprocess.py:93} INFO - 24/11/10 17:14:02 INFO Utils: Fetching spark://5dee1e87bc96:33865/jars/azure-storage-8.6.6.jar to /tmp/spark-c1f084cf-9bf5-43cb-96e5-aef839252441/userFiles-e6f1a8f3-68ea-4314-9351-4502940325aa/fetchFileTemp2405559349722538953.tmp
[2024-11-10T17:14:02.322+0000] {subprocess.py:93} INFO - 24/11/10 17:14:02 INFO Executor: Adding file:/tmp/spark-c1f084cf-9bf5-43cb-96e5-aef839252441/userFiles-e6f1a8f3-68ea-4314-9351-4502940325aa/azure-storage-8.6.6.jar to class loader default
[2024-11-10T17:14:02.322+0000] {subprocess.py:93} INFO - 24/11/10 17:14:02 INFO Executor: Fetching spark://5dee1e87bc96:33865/jars/jetty-server-9.4.45.v20220203.jar with timestamp 1731258841445
[2024-11-10T17:14:02.323+0000] {subprocess.py:93} INFO - 24/11/10 17:14:02 INFO Utils: Fetching spark://5dee1e87bc96:33865/jars/jetty-server-9.4.45.v20220203.jar to /tmp/spark-c1f084cf-9bf5-43cb-96e5-aef839252441/userFiles-e6f1a8f3-68ea-4314-9351-4502940325aa/fetchFileTemp9801176385456140002.tmp
[2024-11-10T17:14:02.330+0000] {subprocess.py:93} INFO - 24/11/10 17:14:02 INFO Executor: Adding file:/tmp/spark-c1f084cf-9bf5-43cb-96e5-aef839252441/userFiles-e6f1a8f3-68ea-4314-9351-4502940325aa/jetty-server-9.4.45.v20220203.jar to class loader default
[2024-11-10T17:14:02.331+0000] {subprocess.py:93} INFO - 24/11/10 17:14:02 INFO Executor: Fetching spark://5dee1e87bc96:33865/jars/hadoop-azure-3.4.1.jar with timestamp 1731258841445
[2024-11-10T17:14:02.331+0000] {subprocess.py:93} INFO - 24/11/10 17:14:02 INFO Utils: Fetching spark://5dee1e87bc96:33865/jars/hadoop-azure-3.4.1.jar to /tmp/spark-c1f084cf-9bf5-43cb-96e5-aef839252441/userFiles-e6f1a8f3-68ea-4314-9351-4502940325aa/fetchFileTemp12908315559252515724.tmp
[2024-11-10T17:14:02.337+0000] {subprocess.py:93} INFO - 24/11/10 17:14:02 INFO Executor: Adding file:/tmp/spark-c1f084cf-9bf5-43cb-96e5-aef839252441/userFiles-e6f1a8f3-68ea-4314-9351-4502940325aa/hadoop-azure-3.4.1.jar to class loader default
[2024-11-10T17:14:02.338+0000] {subprocess.py:93} INFO - 24/11/10 17:14:02 INFO Executor: Fetching spark://5dee1e87bc96:33865/jars/jetty-util-ajax-9.4.45.v20220203.jar with timestamp 1731258841445
[2024-11-10T17:14:02.338+0000] {subprocess.py:93} INFO - 24/11/10 17:14:02 INFO Utils: Fetching spark://5dee1e87bc96:33865/jars/jetty-util-ajax-9.4.45.v20220203.jar to /tmp/spark-c1f084cf-9bf5-43cb-96e5-aef839252441/userFiles-e6f1a8f3-68ea-4314-9351-4502940325aa/fetchFileTemp14031514438309776205.tmp
[2024-11-10T17:14:02.343+0000] {subprocess.py:93} INFO - 24/11/10 17:14:02 INFO Executor: Adding file:/tmp/spark-c1f084cf-9bf5-43cb-96e5-aef839252441/userFiles-e6f1a8f3-68ea-4314-9351-4502940325aa/jetty-util-ajax-9.4.45.v20220203.jar to class loader default
[2024-11-10T17:14:02.343+0000] {subprocess.py:93} INFO - 24/11/10 17:14:02 INFO Executor: Fetching spark://5dee1e87bc96:33865/jars/jetty-util-9.4.45.v20220203.jar with timestamp 1731258841445
[2024-11-10T17:14:02.344+0000] {subprocess.py:93} INFO - 24/11/10 17:14:02 INFO Utils: Fetching spark://5dee1e87bc96:33865/jars/jetty-util-9.4.45.v20220203.jar to /tmp/spark-c1f084cf-9bf5-43cb-96e5-aef839252441/userFiles-e6f1a8f3-68ea-4314-9351-4502940325aa/fetchFileTemp16807906682586932580.tmp
[2024-11-10T17:14:02.349+0000] {subprocess.py:93} INFO - 24/11/10 17:14:02 INFO Executor: Adding file:/tmp/spark-c1f084cf-9bf5-43cb-96e5-aef839252441/userFiles-e6f1a8f3-68ea-4314-9351-4502940325aa/jetty-util-9.4.45.v20220203.jar to class loader default
[2024-11-10T17:14:02.363+0000] {subprocess.py:93} INFO - 24/11/10 17:14:02 INFO Utils: Successfully started service 'org.apache.spark.network.netty.NettyBlockTransferService' on port 37757.
[2024-11-10T17:14:02.363+0000] {subprocess.py:93} INFO - 24/11/10 17:14:02 INFO NettyBlockTransferService: Server created on 5dee1e87bc96:37757
[2024-11-10T17:14:02.366+0000] {subprocess.py:93} INFO - 24/11/10 17:14:02 INFO BlockManager: Using org.apache.spark.storage.RandomBlockReplicationPolicy for block replication policy
[2024-11-10T17:14:02.373+0000] {subprocess.py:93} INFO - 24/11/10 17:14:02 INFO BlockManagerMaster: Registering BlockManager BlockManagerId(driver, 5dee1e87bc96, 37757, None)
[2024-11-10T17:14:02.377+0000] {subprocess.py:93} INFO - 24/11/10 17:14:02 INFO BlockManagerMasterEndpoint: Registering block manager 5dee1e87bc96:37757 with 434.4 MiB RAM, BlockManagerId(driver, 5dee1e87bc96, 37757, None)
[2024-11-10T17:14:02.379+0000] {subprocess.py:93} INFO - 24/11/10 17:14:02 INFO BlockManagerMaster: Registered BlockManager BlockManagerId(driver, 5dee1e87bc96, 37757, None)
[2024-11-10T17:14:02.380+0000] {subprocess.py:93} INFO - 24/11/10 17:14:02 INFO BlockManager: Initialized BlockManager: BlockManagerId(driver, 5dee1e87bc96, 37757, None)
[2024-11-10T17:14:02.722+0000] {subprocess.py:93} INFO - 2024-11-10 17:14:02,722 - INFO - Fetching brewery data from the API.
[2024-11-10T17:14:28.355+0000] {local_task_job_runner.py:346} WARNING - State of this instance has been externally set to restarting. Terminating instance.
[2024-11-10T17:14:28.355+0000] {local_task_job_runner.py:245} INFO - ::endgroup::
[2024-11-10T17:14:28.356+0000] {process_utils.py:132} INFO - Sending 15 to group 2056. PIDs of all processes in the group: [2058, 2059, 2120, 2056]
[2024-11-10T17:14:28.356+0000] {process_utils.py:87} INFO - Sending the signal 15 to group 2056
[2024-11-10T17:14:28.357+0000] {taskinstance.py:3092} ERROR - Received SIGTERM. Terminating subprocesses.
[2024-11-10T17:14:28.357+0000] {subprocess.py:104} INFO - Sending SIGTERM signal to process group
[2024-11-10T17:14:28.369+0000] {taskinstance.py:3310} ERROR - Task failed with exception
Traceback (most recent call last):
  File "/home/airflow/.local/lib/python3.12/site-packages/airflow/models/taskinstance.py", line 767, in _execute_task
    result = _execute_callable(context=context, **execute_callable_kwargs)
             ^^^^^^^^^^^^^^^^^^^^^^^^^^^^^^^^^^^^^^^^^^^^^^^^^^^^^^^^^^^^^
  File "/home/airflow/.local/lib/python3.12/site-packages/airflow/models/taskinstance.py", line 733, in _execute_callable
    return ExecutionCallableRunner(
           ^^^^^^^^^^^^^^^^^^^^^^^^
  File "/home/airflow/.local/lib/python3.12/site-packages/airflow/utils/operator_helpers.py", line 252, in run
    return self.func(*args, **kwargs)
           ^^^^^^^^^^^^^^^^^^^^^^^^^^
  File "/home/airflow/.local/lib/python3.12/site-packages/airflow/models/baseoperator.py", line 406, in wrapper
    return func(self, *args, **kwargs)
           ^^^^^^^^^^^^^^^^^^^^^^^^^^^
  File "/home/airflow/.local/lib/python3.12/site-packages/airflow/operators/bash.py", line 240, in execute
    result = self.subprocess_hook.run_command(
             ^^^^^^^^^^^^^^^^^^^^^^^^^^^^^^^^^
  File "/home/airflow/.local/lib/python3.12/site-packages/airflow/hooks/subprocess.py", line 91, in run_command
    for raw_line in iter(self.sub_process.stdout.readline, b""):
                    ^^^^^^^^^^^^^^^^^^^^^^^^^^^^^^^^^^^^^^^^^^^
  File "/home/airflow/.local/lib/python3.12/site-packages/airflow/models/taskinstance.py", line 3094, in signal_handler
    raise AirflowTaskTerminated("Task received SIGTERM signal")
airflow.exceptions.AirflowTaskTerminated: Task received SIGTERM signal
[2024-11-10T17:14:28.370+0000] {process_utils.py:80} INFO - Process psutil.Process(pid=2120, status='terminated', started='17:13:59') (2120) terminated with exit code None
[2024-11-10T17:14:28.372+0000] {taskinstance.py:1225} INFO - Marking task as UP_FOR_RETRY. dag_id=openbrewerydb_dag, task_id=spark_submit_bronze_job, run_id=manual__2024-11-10T17:13:57.477306+00:00, execution_date=20241110T171357, start_date=20241110T171358, end_date=20241110T171428
[2024-11-10T17:14:28.388+0000] {taskinstance.py:340} INFO - ::group::Post task execution logs
[2024-11-10T17:14:28.397+0000] {process_utils.py:80} INFO - Process psutil.Process(pid=2058, status='terminated', started='17:13:58') (2058) terminated with exit code None
[2024-11-10T17:14:28.398+0000] {process_utils.py:80} INFO - Process psutil.Process(pid=2056, status='terminated', exitcode=2, started='17:13:57') (2056) terminated with exit code 2
[2024-11-10T17:14:28.450+0000] {process_utils.py:80} INFO - Process psutil.Process(pid=2059, status='terminated', started='17:13:58') (2059) terminated with exit code None
