[2024-11-10T13:59:24.893+0000] {local_task_job_runner.py:123} INFO - ::group::Pre task execution logs
[2024-11-10T13:59:24.909+0000] {taskinstance.py:2612} INFO - Dependencies all met for dep_context=non-requeueable deps ti=<TaskInstance: openbrewerydb_dag.spark_submit_gold_job manual__2024-11-10T13:57:14.987733+00:00 [queued]>
[2024-11-10T13:59:24.917+0000] {taskinstance.py:2612} INFO - Dependencies all met for dep_context=requeueable deps ti=<TaskInstance: openbrewerydb_dag.spark_submit_gold_job manual__2024-11-10T13:57:14.987733+00:00 [queued]>
[2024-11-10T13:59:24.917+0000] {taskinstance.py:2865} INFO - Starting attempt 1 of 2
[2024-11-10T13:59:24.927+0000] {taskinstance.py:2888} INFO - Executing <Task(BashOperator): spark_submit_gold_job> on 2024-11-10 13:57:14.987733+00:00
[2024-11-10T13:59:24.933+0000] {warnings.py:112} WARNING - /home/***/.local/lib/python3.12/site-packages/***/task/task_runner/standard_task_runner.py:70: DeprecationWarning: This process (pid=655) is multi-threaded, use of fork() may lead to deadlocks in the child.
  pid = os.fork()

[2024-11-10T13:59:24.934+0000] {standard_task_runner.py:72} INFO - Started process 656 to run task
[2024-11-10T13:59:24.934+0000] {standard_task_runner.py:104} INFO - Running: ['***', 'tasks', 'run', 'openbrewerydb_dag', 'spark_submit_gold_job', 'manual__2024-11-10T13:57:14.987733+00:00', '--job-id', '18', '--raw', '--subdir', 'DAGS_FOLDER/openbrewerydb_dag.py', '--cfg-path', '/tmp/tmpin8i64k5']
[2024-11-10T13:59:24.935+0000] {standard_task_runner.py:105} INFO - Job 18: Subtask spark_submit_gold_job
[2024-11-10T13:59:24.970+0000] {task_command.py:467} INFO - Running <TaskInstance: openbrewerydb_dag.spark_submit_gold_job manual__2024-11-10T13:57:14.987733+00:00 [running]> on host c64f0d2c37de
[2024-11-10T13:59:25.039+0000] {taskinstance.py:3131} INFO - Exporting env vars: AIRFLOW_CTX_DAG_OWNER='***' AIRFLOW_CTX_DAG_ID='openbrewerydb_dag' AIRFLOW_CTX_TASK_ID='spark_submit_gold_job' AIRFLOW_CTX_EXECUTION_DATE='2024-11-10T13:57:14.987733+00:00' AIRFLOW_CTX_TRY_NUMBER='1' AIRFLOW_CTX_DAG_RUN_ID='manual__2024-11-10T13:57:14.987733+00:00'
[2024-11-10T13:59:25.039+0000] {taskinstance.py:731} INFO - ::endgroup::
[2024-11-10T13:59:25.051+0000] {subprocess.py:63} INFO - Tmp dir root location: /tmp
[2024-11-10T13:59:25.052+0000] {subprocess.py:75} INFO - Running command: ['/usr/bin/bash', '-c', '\n    spark-submit         --master spark://spark-master:7077         --jars /opt/***/dags/scripts/jars/hadoop-azure-3.4.1.jar,/opt/***/dags/scripts/jars/azure-storage-8.6.6.jar,/opt/***/dags/scripts/jars/jetty-server-9.4.45.v20220203.jar,/opt/***/dags/scripts/jars/jetty-util-9.4.45.v20220203.jar,/opt/***/dags/scripts/jars/jetty-util-ajax-9.4.45.v20220203.jar         /opt/***/dags/scripts/gold_layer.py\n    ']
[2024-11-10T13:59:25.064+0000] {subprocess.py:86} INFO - Output:
[2024-11-10T13:59:26.410+0000] {subprocess.py:93} INFO - 24/11/10 13:59:26 WARN NativeCodeLoader: Unable to load native-hadoop library for your platform... using builtin-java classes where applicable
[2024-11-10T13:59:27.958+0000] {subprocess.py:93} INFO - INFO:__main__:Reading data from Azure...
[2024-11-10T13:59:28.007+0000] {subprocess.py:93} INFO - 24/11/10 13:59:28 INFO SparkContext: Running Spark version 3.5.3
[2024-11-10T13:59:28.008+0000] {subprocess.py:93} INFO - 24/11/10 13:59:28 INFO SparkContext: OS info Linux, 6.10.13-3-MANJARO, amd64
[2024-11-10T13:59:28.008+0000] {subprocess.py:93} INFO - 24/11/10 13:59:28 INFO SparkContext: Java version 17.0.13
[2024-11-10T13:59:28.029+0000] {subprocess.py:93} INFO - 24/11/10 13:59:28 INFO ResourceUtils: ==============================================================
[2024-11-10T13:59:28.030+0000] {subprocess.py:93} INFO - 24/11/10 13:59:28 INFO ResourceUtils: No custom resources configured for spark.driver.
[2024-11-10T13:59:28.030+0000] {subprocess.py:93} INFO - 24/11/10 13:59:28 INFO ResourceUtils: ==============================================================
[2024-11-10T13:59:28.030+0000] {subprocess.py:93} INFO - 24/11/10 13:59:28 INFO SparkContext: Submitted application: AzureBlobToPySpark
[2024-11-10T13:59:28.048+0000] {subprocess.py:93} INFO - 24/11/10 13:59:28 INFO ResourceProfile: Default ResourceProfile created, executor resources: Map(cores -> name: cores, amount: 1, script: , vendor: , memory -> name: memory, amount: 1024, script: , vendor: , offHeap -> name: offHeap, amount: 0, script: , vendor: ), task resources: Map(cpus -> name: cpus, amount: 1.0)
[2024-11-10T13:59:28.055+0000] {subprocess.py:93} INFO - 24/11/10 13:59:28 INFO ResourceProfile: Limiting resource is cpu
[2024-11-10T13:59:28.055+0000] {subprocess.py:93} INFO - 24/11/10 13:59:28 INFO ResourceProfileManager: Added ResourceProfile id: 0
[2024-11-10T13:59:28.098+0000] {subprocess.py:93} INFO - 24/11/10 13:59:28 INFO SecurityManager: Changing view acls to: ***
[2024-11-10T13:59:28.099+0000] {subprocess.py:93} INFO - 24/11/10 13:59:28 INFO SecurityManager: Changing modify acls to: ***
[2024-11-10T13:59:28.099+0000] {subprocess.py:93} INFO - 24/11/10 13:59:28 INFO SecurityManager: Changing view acls groups to:
[2024-11-10T13:59:28.099+0000] {subprocess.py:93} INFO - 24/11/10 13:59:28 INFO SecurityManager: Changing modify acls groups to:
[2024-11-10T13:59:28.099+0000] {subprocess.py:93} INFO - 24/11/10 13:59:28 INFO SecurityManager: SecurityManager: authentication disabled; ui acls disabled; users with view permissions: ***; groups with view permissions: EMPTY; users with modify permissions: ***; groups with modify permissions: EMPTY
[2024-11-10T13:59:28.273+0000] {subprocess.py:93} INFO - 24/11/10 13:59:28 INFO Utils: Successfully started service 'sparkDriver' on port 43907.
[2024-11-10T13:59:28.295+0000] {subprocess.py:93} INFO - 24/11/10 13:59:28 INFO SparkEnv: Registering MapOutputTracker
[2024-11-10T13:59:28.325+0000] {subprocess.py:93} INFO - 24/11/10 13:59:28 INFO SparkEnv: Registering BlockManagerMaster
[2024-11-10T13:59:28.337+0000] {subprocess.py:93} INFO - 24/11/10 13:59:28 INFO BlockManagerMasterEndpoint: Using org.apache.spark.storage.DefaultTopologyMapper for getting topology information
[2024-11-10T13:59:28.339+0000] {subprocess.py:93} INFO - 24/11/10 13:59:28 INFO BlockManagerMasterEndpoint: BlockManagerMasterEndpoint up
[2024-11-10T13:59:28.342+0000] {subprocess.py:93} INFO - 24/11/10 13:59:28 INFO SparkEnv: Registering BlockManagerMasterHeartbeat
[2024-11-10T13:59:28.361+0000] {subprocess.py:93} INFO - 24/11/10 13:59:28 INFO DiskBlockManager: Created local directory at /tmp/blockmgr-e58e4cd7-9b71-4f3b-bb84-13f7c8939759
[2024-11-10T13:59:28.390+0000] {subprocess.py:93} INFO - 24/11/10 13:59:28 INFO MemoryStore: MemoryStore started with capacity 434.4 MiB
[2024-11-10T13:59:28.401+0000] {subprocess.py:93} INFO - 24/11/10 13:59:28 INFO SparkEnv: Registering OutputCommitCoordinator
[2024-11-10T13:59:28.522+0000] {subprocess.py:93} INFO - 24/11/10 13:59:28 INFO JettyUtils: Start Jetty 0.0.0.0:4040 for SparkUI
[2024-11-10T13:59:28.603+0000] {subprocess.py:93} INFO - 24/11/10 13:59:28 INFO Utils: Successfully started service 'SparkUI' on port 4040.
[2024-11-10T13:59:28.638+0000] {subprocess.py:93} INFO - 24/11/10 13:59:28 INFO SparkContext: Added JAR file:///opt/***/dags/scripts/jars/hadoop-azure-3.4.1.jar at spark://c64f0d2c37de:43907/jars/hadoop-azure-3.4.1.jar with timestamp 1731247168000
[2024-11-10T13:59:28.639+0000] {subprocess.py:93} INFO - 24/11/10 13:59:28 INFO SparkContext: Added JAR file:///opt/***/dags/scripts/jars/azure-storage-8.6.6.jar at spark://c64f0d2c37de:43907/jars/azure-storage-8.6.6.jar with timestamp 1731247168000
[2024-11-10T13:59:28.639+0000] {subprocess.py:93} INFO - 24/11/10 13:59:28 INFO SparkContext: Added JAR file:///opt/***/dags/scripts/jars/jetty-server-9.4.45.v20220203.jar at spark://c64f0d2c37de:43907/jars/jetty-server-9.4.45.v20220203.jar with timestamp 1731247168000
[2024-11-10T13:59:28.640+0000] {subprocess.py:93} INFO - 24/11/10 13:59:28 INFO SparkContext: Added JAR file:///opt/***/dags/scripts/jars/jetty-util-9.4.45.v20220203.jar at spark://c64f0d2c37de:43907/jars/jetty-util-9.4.45.v20220203.jar with timestamp 1731247168000
[2024-11-10T13:59:28.640+0000] {subprocess.py:93} INFO - 24/11/10 13:59:28 INFO SparkContext: Added JAR file:///opt/***/dags/scripts/jars/jetty-util-ajax-9.4.45.v20220203.jar at spark://c64f0d2c37de:43907/jars/jetty-util-ajax-9.4.45.v20220203.jar with timestamp 1731247168000
[2024-11-10T13:59:28.706+0000] {subprocess.py:93} INFO - 24/11/10 13:59:28 INFO Executor: Starting executor ID driver on host c64f0d2c37de
[2024-11-10T13:59:28.706+0000] {subprocess.py:93} INFO - 24/11/10 13:59:28 INFO Executor: OS info Linux, 6.10.13-3-MANJARO, amd64
[2024-11-10T13:59:28.707+0000] {subprocess.py:93} INFO - 24/11/10 13:59:28 INFO Executor: Java version 17.0.13
[2024-11-10T13:59:28.715+0000] {subprocess.py:93} INFO - 24/11/10 13:59:28 INFO Executor: Starting executor with user classpath (userClassPathFirst = false): ''
[2024-11-10T13:59:28.716+0000] {subprocess.py:93} INFO - 24/11/10 13:59:28 INFO Executor: Created or updated repl class loader org.apache.spark.util.MutableURLClassLoader@519a956e for default.
[2024-11-10T13:59:28.728+0000] {subprocess.py:93} INFO - 24/11/10 13:59:28 INFO Executor: Fetching spark://c64f0d2c37de:43907/jars/azure-storage-8.6.6.jar with timestamp 1731247168000
[2024-11-10T13:59:28.766+0000] {subprocess.py:93} INFO - 24/11/10 13:59:28 INFO TransportClientFactory: Successfully created connection to c64f0d2c37de/172.18.0.7:43907 after 18 ms (0 ms spent in bootstraps)
[2024-11-10T13:59:28.772+0000] {subprocess.py:93} INFO - 24/11/10 13:59:28 INFO Utils: Fetching spark://c64f0d2c37de:43907/jars/azure-storage-8.6.6.jar to /tmp/spark-640040e3-e3e0-46ed-9b84-5812222690ba/userFiles-cc670e6e-f488-4590-8bd1-5243ce6b1cc8/fetchFileTemp1207844722552403365.tmp
[2024-11-10T13:59:28.800+0000] {subprocess.py:93} INFO - 24/11/10 13:59:28 INFO Executor: Adding file:/tmp/spark-640040e3-e3e0-46ed-9b84-5812222690ba/userFiles-cc670e6e-f488-4590-8bd1-5243ce6b1cc8/azure-storage-8.6.6.jar to class loader default
[2024-11-10T13:59:28.800+0000] {subprocess.py:93} INFO - 24/11/10 13:59:28 INFO Executor: Fetching spark://c64f0d2c37de:43907/jars/jetty-util-ajax-9.4.45.v20220203.jar with timestamp 1731247168000
[2024-11-10T13:59:28.801+0000] {subprocess.py:93} INFO - 24/11/10 13:59:28 INFO Utils: Fetching spark://c64f0d2c37de:43907/jars/jetty-util-ajax-9.4.45.v20220203.jar to /tmp/spark-640040e3-e3e0-46ed-9b84-5812222690ba/userFiles-cc670e6e-f488-4590-8bd1-5243ce6b1cc8/fetchFileTemp3118355146704235577.tmp
[2024-11-10T13:59:28.809+0000] {subprocess.py:93} INFO - 24/11/10 13:59:28 INFO Executor: Adding file:/tmp/spark-640040e3-e3e0-46ed-9b84-5812222690ba/userFiles-cc670e6e-f488-4590-8bd1-5243ce6b1cc8/jetty-util-ajax-9.4.45.v20220203.jar to class loader default
[2024-11-10T13:59:28.810+0000] {subprocess.py:93} INFO - 24/11/10 13:59:28 INFO Executor: Fetching spark://c64f0d2c37de:43907/jars/jetty-util-9.4.45.v20220203.jar with timestamp 1731247168000
[2024-11-10T13:59:28.810+0000] {subprocess.py:93} INFO - 24/11/10 13:59:28 INFO Utils: Fetching spark://c64f0d2c37de:43907/jars/jetty-util-9.4.45.v20220203.jar to /tmp/spark-640040e3-e3e0-46ed-9b84-5812222690ba/userFiles-cc670e6e-f488-4590-8bd1-5243ce6b1cc8/fetchFileTemp9083129029729866521.tmp
[2024-11-10T13:59:28.818+0000] {subprocess.py:93} INFO - 24/11/10 13:59:28 INFO Executor: Adding file:/tmp/spark-640040e3-e3e0-46ed-9b84-5812222690ba/userFiles-cc670e6e-f488-4590-8bd1-5243ce6b1cc8/jetty-util-9.4.45.v20220203.jar to class loader default
[2024-11-10T13:59:28.818+0000] {subprocess.py:93} INFO - 24/11/10 13:59:28 INFO Executor: Fetching spark://c64f0d2c37de:43907/jars/jetty-server-9.4.45.v20220203.jar with timestamp 1731247168000
[2024-11-10T13:59:28.819+0000] {subprocess.py:93} INFO - 24/11/10 13:59:28 INFO Utils: Fetching spark://c64f0d2c37de:43907/jars/jetty-server-9.4.45.v20220203.jar to /tmp/spark-640040e3-e3e0-46ed-9b84-5812222690ba/userFiles-cc670e6e-f488-4590-8bd1-5243ce6b1cc8/fetchFileTemp3332369565648748392.tmp
[2024-11-10T13:59:28.825+0000] {subprocess.py:93} INFO - 24/11/10 13:59:28 INFO Executor: Adding file:/tmp/spark-640040e3-e3e0-46ed-9b84-5812222690ba/userFiles-cc670e6e-f488-4590-8bd1-5243ce6b1cc8/jetty-server-9.4.45.v20220203.jar to class loader default
[2024-11-10T13:59:28.825+0000] {subprocess.py:93} INFO - 24/11/10 13:59:28 INFO Executor: Fetching spark://c64f0d2c37de:43907/jars/hadoop-azure-3.4.1.jar with timestamp 1731247168000
[2024-11-10T13:59:28.826+0000] {subprocess.py:93} INFO - 24/11/10 13:59:28 INFO Utils: Fetching spark://c64f0d2c37de:43907/jars/hadoop-azure-3.4.1.jar to /tmp/spark-640040e3-e3e0-46ed-9b84-5812222690ba/userFiles-cc670e6e-f488-4590-8bd1-5243ce6b1cc8/fetchFileTemp16524431617900534174.tmp
[2024-11-10T13:59:29.349+0000] {subprocess.py:93} INFO - 24/11/10 13:59:29 INFO Executor: Adding file:/tmp/spark-640040e3-e3e0-46ed-9b84-5812222690ba/userFiles-cc670e6e-f488-4590-8bd1-5243ce6b1cc8/hadoop-azure-3.4.1.jar to class loader default
[2024-11-10T13:59:29.359+0000] {subprocess.py:93} INFO - 24/11/10 13:59:29 INFO Utils: Successfully started service 'org.apache.spark.network.netty.NettyBlockTransferService' on port 38867.
[2024-11-10T13:59:29.360+0000] {subprocess.py:93} INFO - 24/11/10 13:59:29 INFO NettyBlockTransferService: Server created on c64f0d2c37de:38867
[2024-11-10T13:59:29.363+0000] {subprocess.py:93} INFO - 24/11/10 13:59:29 INFO BlockManager: Using org.apache.spark.storage.RandomBlockReplicationPolicy for block replication policy
[2024-11-10T13:59:29.369+0000] {subprocess.py:93} INFO - 24/11/10 13:59:29 INFO BlockManagerMaster: Registering BlockManager BlockManagerId(driver, c64f0d2c37de, 38867, None)
[2024-11-10T13:59:29.372+0000] {subprocess.py:93} INFO - 24/11/10 13:59:29 INFO BlockManagerMasterEndpoint: Registering block manager c64f0d2c37de:38867 with 434.4 MiB RAM, BlockManagerId(driver, c64f0d2c37de, 38867, None)
[2024-11-10T13:59:29.374+0000] {subprocess.py:93} INFO - 24/11/10 13:59:29 INFO BlockManagerMaster: Registered BlockManager BlockManagerId(driver, c64f0d2c37de, 38867, None)
[2024-11-10T13:59:29.375+0000] {subprocess.py:93} INFO - 24/11/10 13:59:29 INFO BlockManager: Initialized BlockManager: BlockManagerId(driver, c64f0d2c37de, 38867, None)
[2024-11-10T13:59:29.650+0000] {subprocess.py:93} INFO - 24/11/10 13:59:29 INFO SharedState: Setting hive.metastore.warehouse.dir ('null') to the value of spark.sql.warehouse.dir.
[2024-11-10T13:59:29.653+0000] {subprocess.py:93} INFO - 24/11/10 13:59:29 INFO SharedState: Warehouse path is 'file:/tmp/***tmpaibjieh0/spark-warehouse'.
[2024-11-10T13:59:30.281+0000] {subprocess.py:93} INFO - 24/11/10 13:59:30 WARN MetricsConfig: Cannot locate configuration: tried hadoop-metrics2-azure-file-system.properties,hadoop-metrics2.properties
[2024-11-10T13:59:30.294+0000] {subprocess.py:93} INFO - 24/11/10 13:59:30 INFO MetricsSystemImpl: Scheduled Metric snapshot period at 10 second(s).
[2024-11-10T13:59:30.295+0000] {subprocess.py:93} INFO - 24/11/10 13:59:30 INFO MetricsSystemImpl: azure-file-system metrics system started
[2024-11-10T13:59:41.511+0000] {subprocess.py:93} INFO - 24/11/10 13:59:41 INFO InMemoryFileIndex: It took 7954 ms to list leaf files for 1 paths.
[2024-11-10T13:59:42.979+0000] {subprocess.py:93} INFO - 24/11/10 13:59:42 INFO SparkContext: Starting job: parquet at NativeMethodAccessorImpl.java:0
[2024-11-10T13:59:42.993+0000] {subprocess.py:93} INFO - 24/11/10 13:59:42 INFO DAGScheduler: Got job 0 (parquet at NativeMethodAccessorImpl.java:0) with 1 output partitions
[2024-11-10T13:59:42.993+0000] {subprocess.py:93} INFO - 24/11/10 13:59:42 INFO DAGScheduler: Final stage: ResultStage 0 (parquet at NativeMethodAccessorImpl.java:0)
[2024-11-10T13:59:42.994+0000] {subprocess.py:93} INFO - 24/11/10 13:59:42 INFO DAGScheduler: Parents of final stage: List()
[2024-11-10T13:59:42.995+0000] {subprocess.py:93} INFO - 24/11/10 13:59:42 INFO DAGScheduler: Missing parents: List()
[2024-11-10T13:59:42.998+0000] {subprocess.py:93} INFO - 24/11/10 13:59:42 INFO DAGScheduler: Submitting ResultStage 0 (MapPartitionsRDD[1] at parquet at NativeMethodAccessorImpl.java:0), which has no missing parents
[2024-11-10T13:59:43.055+0000] {subprocess.py:93} INFO - 24/11/10 13:59:43 INFO MemoryStore: Block broadcast_0 stored as values in memory (estimated size 105.0 KiB, free 434.3 MiB)
[2024-11-10T13:59:43.086+0000] {subprocess.py:93} INFO - 24/11/10 13:59:43 INFO MemoryStore: Block broadcast_0_piece0 stored as bytes in memory (estimated size 38.1 KiB, free 434.3 MiB)
[2024-11-10T13:59:43.089+0000] {subprocess.py:93} INFO - 24/11/10 13:59:43 INFO BlockManagerInfo: Added broadcast_0_piece0 in memory on c64f0d2c37de:38867 (size: 38.1 KiB, free: 434.4 MiB)
[2024-11-10T13:59:43.093+0000] {subprocess.py:93} INFO - 24/11/10 13:59:43 INFO SparkContext: Created broadcast 0 from broadcast at DAGScheduler.scala:1585
[2024-11-10T13:59:43.112+0000] {subprocess.py:93} INFO - 24/11/10 13:59:43 INFO DAGScheduler: Submitting 1 missing tasks from ResultStage 0 (MapPartitionsRDD[1] at parquet at NativeMethodAccessorImpl.java:0) (first 15 tasks are for partitions Vector(0))
[2024-11-10T13:59:43.113+0000] {subprocess.py:93} INFO - 24/11/10 13:59:43 INFO TaskSchedulerImpl: Adding task set 0.0 with 1 tasks resource profile 0
[2024-11-10T13:59:43.168+0000] {subprocess.py:93} INFO - 24/11/10 13:59:43 INFO TaskSetManager: Starting task 0.0 in stage 0.0 (TID 0) (c64f0d2c37de, executor driver, partition 0, PROCESS_LOCAL, 9718 bytes)
[2024-11-10T13:59:43.180+0000] {subprocess.py:93} INFO - 24/11/10 13:59:43 INFO Executor: Running task 0.0 in stage 0.0 (TID 0)
[2024-11-10T13:59:44.304+0000] {subprocess.py:93} INFO - 24/11/10 13:59:44 INFO Executor: Finished task 0.0 in stage 0.0 (TID 0). 2303 bytes result sent to driver
[2024-11-10T13:59:44.314+0000] {subprocess.py:93} INFO - 24/11/10 13:59:44 INFO TaskSetManager: Finished task 0.0 in stage 0.0 (TID 0) in 1168 ms on c64f0d2c37de (executor driver) (1/1)
[2024-11-10T13:59:44.316+0000] {subprocess.py:93} INFO - 24/11/10 13:59:44 INFO TaskSchedulerImpl: Removed TaskSet 0.0, whose tasks have all completed, from pool
[2024-11-10T13:59:44.319+0000] {subprocess.py:93} INFO - 24/11/10 13:59:44 INFO DAGScheduler: ResultStage 0 (parquet at NativeMethodAccessorImpl.java:0) finished in 1.310 s
[2024-11-10T13:59:44.322+0000] {subprocess.py:93} INFO - 24/11/10 13:59:44 INFO DAGScheduler: Job 0 is finished. Cancelling potential speculative or zombie tasks for this job
[2024-11-10T13:59:44.323+0000] {subprocess.py:93} INFO - 24/11/10 13:59:44 INFO TaskSchedulerImpl: Killing all running tasks in stage 0: Stage finished
[2024-11-10T13:59:44.324+0000] {subprocess.py:93} INFO - 24/11/10 13:59:44 INFO DAGScheduler: Job 0 finished: parquet at NativeMethodAccessorImpl.java:0, took 1.343833 s
[2024-11-10T13:59:44.700+0000] {subprocess.py:93} INFO - 24/11/10 13:59:44 INFO BlockManagerInfo: Removed broadcast_0_piece0 on c64f0d2c37de:38867 in memory (size: 38.1 KiB, free: 434.4 MiB)
[2024-11-10T13:59:44.751+0000] {subprocess.py:93} INFO - INFO:__main__:Aggregating breweries data...
[2024-11-10T13:59:44.846+0000] {subprocess.py:93} INFO - INFO:__main__:Saving aggregated_breweries DataFrame to local path: /opt/***/dags/temp/breweries/aggregated_breweries...
[2024-11-10T13:59:45.164+0000] {subprocess.py:93} INFO - 24/11/10 13:59:45 INFO DataSourceStrategy: Pruning directories with:
[2024-11-10T13:59:45.166+0000] {subprocess.py:93} INFO - 24/11/10 13:59:45 INFO FileSourceStrategy: Pushed Filters:
[2024-11-10T13:59:45.166+0000] {subprocess.py:93} INFO - 24/11/10 13:59:45 INFO FileSourceStrategy: Post-Scan Filters:
[2024-11-10T13:59:45.565+0000] {subprocess.py:93} INFO - 24/11/10 13:59:45 INFO CodeGenerator: Code generated in 205.996726 ms
[2024-11-10T13:59:45.579+0000] {subprocess.py:93} INFO - 24/11/10 13:59:45 INFO MemoryStore: Block broadcast_1 stored as values in memory (estimated size 203.2 KiB, free 434.2 MiB)
[2024-11-10T13:59:45.594+0000] {subprocess.py:93} INFO - 24/11/10 13:59:45 INFO MemoryStore: Block broadcast_1_piece0 stored as bytes in memory (estimated size 35.7 KiB, free 434.2 MiB)
[2024-11-10T13:59:45.595+0000] {subprocess.py:93} INFO - 24/11/10 13:59:45 INFO BlockManagerInfo: Added broadcast_1_piece0 in memory on c64f0d2c37de:38867 (size: 35.7 KiB, free: 434.4 MiB)
[2024-11-10T13:59:45.598+0000] {subprocess.py:93} INFO - 24/11/10 13:59:45 INFO SparkContext: Created broadcast 1 from parquet at NativeMethodAccessorImpl.java:0
[2024-11-10T13:59:45.611+0000] {subprocess.py:93} INFO - 24/11/10 13:59:45 INFO FileSourceScanExec: Planning scan with bin packing, max size: 6959869 bytes, open cost is considered as scanning 4194304 bytes.
[2024-11-10T13:59:45.695+0000] {subprocess.py:93} INFO - 24/11/10 13:59:45 INFO DAGScheduler: Registering RDD 5 (parquet at NativeMethodAccessorImpl.java:0) as input to shuffle 0
[2024-11-10T13:59:45.697+0000] {subprocess.py:93} INFO - 24/11/10 13:59:45 INFO DAGScheduler: Got map stage job 1 (parquet at NativeMethodAccessorImpl.java:0) with 7 output partitions
[2024-11-10T13:59:45.697+0000] {subprocess.py:93} INFO - 24/11/10 13:59:45 INFO DAGScheduler: Final stage: ShuffleMapStage 1 (parquet at NativeMethodAccessorImpl.java:0)
[2024-11-10T13:59:45.697+0000] {subprocess.py:93} INFO - 24/11/10 13:59:45 INFO DAGScheduler: Parents of final stage: List()
[2024-11-10T13:59:45.698+0000] {subprocess.py:93} INFO - 24/11/10 13:59:45 INFO DAGScheduler: Missing parents: List()
[2024-11-10T13:59:45.699+0000] {subprocess.py:93} INFO - 24/11/10 13:59:45 INFO DAGScheduler: Submitting ShuffleMapStage 1 (MapPartitionsRDD[5] at parquet at NativeMethodAccessorImpl.java:0), which has no missing parents
[2024-11-10T13:59:45.713+0000] {subprocess.py:93} INFO - 24/11/10 13:59:45 INFO MemoryStore: Block broadcast_2 stored as values in memory (estimated size 44.3 KiB, free 434.1 MiB)
[2024-11-10T13:59:45.717+0000] {subprocess.py:93} INFO - 24/11/10 13:59:45 INFO MemoryStore: Block broadcast_2_piece0 stored as bytes in memory (estimated size 19.0 KiB, free 434.1 MiB)
[2024-11-10T13:59:45.718+0000] {subprocess.py:93} INFO - 24/11/10 13:59:45 INFO BlockManagerInfo: Added broadcast_2_piece0 in memory on c64f0d2c37de:38867 (size: 19.0 KiB, free: 434.3 MiB)
[2024-11-10T13:59:45.719+0000] {subprocess.py:93} INFO - 24/11/10 13:59:45 INFO SparkContext: Created broadcast 2 from broadcast at DAGScheduler.scala:1585
[2024-11-10T13:59:45.722+0000] {subprocess.py:93} INFO - 24/11/10 13:59:45 INFO DAGScheduler: Submitting 7 missing tasks from ShuffleMapStage 1 (MapPartitionsRDD[5] at parquet at NativeMethodAccessorImpl.java:0) (first 15 tasks are for partitions Vector(0, 1, 2, 3, 4, 5, 6))
[2024-11-10T13:59:45.722+0000] {subprocess.py:93} INFO - 24/11/10 13:59:45 INFO TaskSchedulerImpl: Adding task set 1.0 with 7 tasks resource profile 0
[2024-11-10T13:59:45.726+0000] {subprocess.py:93} INFO - 24/11/10 13:59:45 INFO TaskSetManager: Starting task 0.0 in stage 1.0 (TID 1) (c64f0d2c37de, executor driver, partition 0, PROCESS_LOCAL, 10537 bytes)
[2024-11-10T13:59:45.727+0000] {subprocess.py:93} INFO - 24/11/10 13:59:45 INFO TaskSetManager: Starting task 1.0 in stage 1.0 (TID 2) (c64f0d2c37de, executor driver, partition 1, PROCESS_LOCAL, 10545 bytes)
[2024-11-10T13:59:45.728+0000] {subprocess.py:93} INFO - 24/11/10 13:59:45 INFO TaskSetManager: Starting task 2.0 in stage 1.0 (TID 3) (c64f0d2c37de, executor driver, partition 2, PROCESS_LOCAL, 10541 bytes)
[2024-11-10T13:59:45.728+0000] {subprocess.py:93} INFO - 24/11/10 13:59:45 INFO TaskSetManager: Starting task 3.0 in stage 1.0 (TID 4) (c64f0d2c37de, executor driver, partition 3, PROCESS_LOCAL, 10543 bytes)
[2024-11-10T13:59:45.729+0000] {subprocess.py:93} INFO - 24/11/10 13:59:45 INFO TaskSetManager: Starting task 4.0 in stage 1.0 (TID 5) (c64f0d2c37de, executor driver, partition 4, PROCESS_LOCAL, 10533 bytes)
[2024-11-10T13:59:45.730+0000] {subprocess.py:93} INFO - 24/11/10 13:59:45 INFO TaskSetManager: Starting task 5.0 in stage 1.0 (TID 6) (c64f0d2c37de, executor driver, partition 5, PROCESS_LOCAL, 10541 bytes)
[2024-11-10T13:59:45.730+0000] {subprocess.py:93} INFO - 24/11/10 13:59:45 INFO TaskSetManager: Starting task 6.0 in stage 1.0 (TID 7) (c64f0d2c37de, executor driver, partition 6, PROCESS_LOCAL, 10289 bytes)
[2024-11-10T13:59:45.731+0000] {subprocess.py:93} INFO - 24/11/10 13:59:45 INFO Executor: Running task 0.0 in stage 1.0 (TID 1)
[2024-11-10T13:59:45.731+0000] {subprocess.py:93} INFO - 24/11/10 13:59:45 INFO Executor: Running task 1.0 in stage 1.0 (TID 2)
[2024-11-10T13:59:45.732+0000] {subprocess.py:93} INFO - 24/11/10 13:59:45 INFO Executor: Running task 2.0 in stage 1.0 (TID 3)
[2024-11-10T13:59:45.733+0000] {subprocess.py:93} INFO - 24/11/10 13:59:45 INFO Executor: Running task 3.0 in stage 1.0 (TID 4)
[2024-11-10T13:59:45.740+0000] {subprocess.py:93} INFO - 24/11/10 13:59:45 INFO Executor: Running task 4.0 in stage 1.0 (TID 5)
[2024-11-10T13:59:45.741+0000] {subprocess.py:93} INFO - 24/11/10 13:59:45 INFO Executor: Running task 5.0 in stage 1.0 (TID 6)
[2024-11-10T13:59:45.747+0000] {subprocess.py:93} INFO - 24/11/10 13:59:45 INFO Executor: Running task 6.0 in stage 1.0 (TID 7)
[2024-11-10T13:59:45.869+0000] {subprocess.py:93} INFO - 24/11/10 13:59:45 INFO CodeGenerator: Code generated in 53.103112 ms
[2024-11-10T13:59:45.921+0000] {subprocess.py:93} INFO - 24/11/10 13:59:45 INFO CodeGenerator: Code generated in 24.019453 ms
[2024-11-10T13:59:45.949+0000] {subprocess.py:93} INFO - 24/11/10 13:59:45 INFO CodeGenerator: Code generated in 8.730668 ms
[2024-11-10T13:59:45.987+0000] {subprocess.py:93} INFO - 24/11/10 13:59:45 INFO CodeGenerator: Code generated in 12.506875 ms
[2024-11-10T13:59:46.016+0000] {subprocess.py:93} INFO - 24/11/10 13:59:46 INFO CodeGenerator: Code generated in 18.575619 ms
[2024-11-10T13:59:46.028+0000] {subprocess.py:93} INFO - 24/11/10 13:59:46 INFO FileScanRDD: Reading File path: wasbs://silver-inbev-test@blobinbevtestbr.blob.core.windows.net/openbrewerydb/brewery_type=planning/part-00000-4a81511b-a8d1-4140-978d-413b9a234e7c.c000.snappy.parquet, range: 0-68436, partition values: [planning]
[2024-11-10T13:59:46.030+0000] {subprocess.py:93} INFO - 24/11/10 13:59:46 INFO FileScanRDD: Reading File path: wasbs://silver-inbev-test@blobinbevtestbr.blob.core.windows.net/openbrewerydb/brewery_type=nano/part-00000-4a81511b-a8d1-4140-978d-413b9a234e7c.c000.snappy.parquet, range: 0-6786, partition values: [nano]
[2024-11-10T13:59:46.031+0000] {subprocess.py:93} INFO - 24/11/10 13:59:46 INFO FileScanRDD: Reading File path: wasbs://silver-inbev-test@blobinbevtestbr.blob.core.windows.net/openbrewerydb/brewery_type=bar/part-00000-4a81511b-a8d1-4140-978d-413b9a234e7c.c000.snappy.parquet, range: 0-9742, partition values: [bar]
[2024-11-10T13:59:46.032+0000] {subprocess.py:93} INFO - 24/11/10 13:59:46 INFO FileScanRDD: Reading File path: wasbs://silver-inbev-test@blobinbevtestbr.blob.core.windows.net/openbrewerydb/brewery_type=location/part-00000-4a81511b-a8d1-4140-978d-413b9a234e7c.c000.snappy.parquet, range: 0-4949, partition values: [location]
[2024-11-10T13:59:46.032+0000] {subprocess.py:93} INFO - 24/11/10 13:59:46 INFO FileScanRDD: Reading File path: wasbs://silver-inbev-test@blobinbevtestbr.blob.core.windows.net/openbrewerydb/brewery_type=large/part-00000-4a81511b-a8d1-4140-978d-413b9a234e7c.c000.snappy.parquet, range: 0-18788, partition values: [large]
[2024-11-10T13:59:46.032+0000] {subprocess.py:93} INFO - 24/11/10 13:59:46 INFO FileScanRDD: Reading File path: wasbs://silver-inbev-test@blobinbevtestbr.blob.core.windows.net/openbrewerydb/brewery_type=closed/part-00000-4a81511b-a8d1-4140-978d-413b9a234e7c.c000.snappy.parquet, range: 0-36537, partition values: [closed]
[2024-11-10T13:59:46.032+0000] {subprocess.py:93} INFO - 24/11/10 13:59:46 INFO FileScanRDD: Reading File path: wasbs://silver-inbev-test@blobinbevtestbr.blob.core.windows.net/openbrewerydb/brewery_type=micro/part-00000-4a81511b-a8d1-4140-978d-413b9a234e7c.c000.snappy.parquet, range: 0-566206, partition values: [micro]
[2024-11-10T13:59:49.028+0000] {subprocess.py:93} INFO - 24/11/10 13:59:49 INFO CodecPool: Got brand-new decompressor [.snappy]
[2024-11-10T13:59:49.029+0000] {subprocess.py:93} INFO - 24/11/10 13:59:49 INFO CodecPool: Got brand-new decompressor [.snappy]
[2024-11-10T13:59:49.144+0000] {subprocess.py:93} INFO - 24/11/10 13:59:49 INFO FileScanRDD: Reading File path: wasbs://silver-inbev-test@blobinbevtestbr.blob.core.windows.net/openbrewerydb/brewery_type=proprietor/part-00000-4a81511b-a8d1-4140-978d-413b9a234e7c.c000.snappy.parquet, range: 0-15890, partition values: [proprietor]
[2024-11-10T13:59:49.158+0000] {subprocess.py:93} INFO - 24/11/10 13:59:49 INFO FileScanRDD: Reading File path: wasbs://silver-inbev-test@blobinbevtestbr.blob.core.windows.net/openbrewerydb/brewery_type=regional/part-00000-4a81511b-a8d1-4140-978d-413b9a234e7c.c000.snappy.parquet, range: 0-38869, partition values: [regional]
[2024-11-10T13:59:49.165+0000] {subprocess.py:93} INFO - 24/11/10 13:59:49 INFO FileScanRDD: Reading File path: wasbs://silver-inbev-test@blobinbevtestbr.blob.core.windows.net/openbrewerydb/brewery_type=contract/part-00000-4a81511b-a8d1-4140-978d-413b9a234e7c.c000.snappy.parquet, range: 0-33189, partition values: [contract]
[2024-11-10T13:59:49.192+0000] {subprocess.py:93} INFO - 24/11/10 13:59:49 INFO Executor: Finished task 6.0 in stage 1.0 (TID 7). 3191 bytes result sent to driver
[2024-11-10T13:59:49.199+0000] {subprocess.py:93} INFO - 24/11/10 13:59:49 INFO TaskSetManager: Finished task 6.0 in stage 1.0 (TID 7) in 3468 ms on c64f0d2c37de (executor driver) (1/7)
[2024-11-10T13:59:49.366+0000] {subprocess.py:93} INFO - 24/11/10 13:59:49 INFO FileScanRDD: Reading File path: wasbs://silver-inbev-test@blobinbevtestbr.blob.core.windows.net/openbrewerydb/brewery_type=taproom/part-00000-4a81511b-a8d1-4140-978d-413b9a234e7c.c000.snappy.parquet, range: 0-7846, partition values: [taproom]
[2024-11-10T13:59:49.560+0000] {subprocess.py:93} INFO - 24/11/10 13:59:49 INFO FileScanRDD: Reading File path: wasbs://silver-inbev-test@blobinbevtestbr.blob.core.windows.net/openbrewerydb/brewery_type=beergarden/part-00000-4a81511b-a8d1-4140-978d-413b9a234e7c.c000.snappy.parquet, range: 0-4990, partition values: [beergarden]
[2024-11-10T13:59:51.095+0000] {subprocess.py:93} INFO - 24/11/10 13:59:51 INFO FileScanRDD: Reading File path: wasbs://silver-inbev-test@blobinbevtestbr.blob.core.windows.net/openbrewerydb/brewery_type=brewpub/part-00000-4a81511b-a8d1-4140-978d-413b9a234e7c.c000.snappy.parquet, range: 0-340777, partition values: [brewpub]
[2024-11-10T13:59:51.710+0000] {subprocess.py:93} INFO - 24/11/10 13:59:51 INFO Executor: Finished task 2.0 in stage 1.0 (TID 3). 3191 bytes result sent to driver
[2024-11-10T13:59:51.714+0000] {subprocess.py:93} INFO - 24/11/10 13:59:51 INFO TaskSetManager: Finished task 2.0 in stage 1.0 (TID 3) in 5986 ms on c64f0d2c37de (executor driver) (2/7)
[2024-11-10T13:59:51.744+0000] {subprocess.py:93} INFO - 24/11/10 13:59:51 INFO Executor: Finished task 3.0 in stage 1.0 (TID 4). 3148 bytes result sent to driver
[2024-11-10T13:59:51.747+0000] {subprocess.py:93} INFO - 24/11/10 13:59:51 INFO TaskSetManager: Finished task 3.0 in stage 1.0 (TID 4) in 6018 ms on c64f0d2c37de (executor driver) (3/7)
[2024-11-10T13:59:51.784+0000] {subprocess.py:93} INFO - 24/11/10 13:59:51 INFO Executor: Finished task 1.0 in stage 1.0 (TID 2). 3148 bytes result sent to driver
[2024-11-10T13:59:51.788+0000] {subprocess.py:93} INFO - 24/11/10 13:59:51 INFO TaskSetManager: Finished task 1.0 in stage 1.0 (TID 2) in 6059 ms on c64f0d2c37de (executor driver) (4/7)
[2024-11-10T13:59:51.828+0000] {subprocess.py:93} INFO - 24/11/10 13:59:51 INFO Executor: Finished task 4.0 in stage 1.0 (TID 5). 3148 bytes result sent to driver
[2024-11-10T13:59:51.831+0000] {subprocess.py:93} INFO - 24/11/10 13:59:51 INFO TaskSetManager: Finished task 4.0 in stage 1.0 (TID 5) in 6102 ms on c64f0d2c37de (executor driver) (5/7)
[2024-11-10T13:59:51.926+0000] {subprocess.py:93} INFO - 24/11/10 13:59:51 INFO Executor: Finished task 5.0 in stage 1.0 (TID 6). 3148 bytes result sent to driver
[2024-11-10T13:59:51.928+0000] {subprocess.py:93} INFO - 24/11/10 13:59:51 INFO TaskSetManager: Finished task 5.0 in stage 1.0 (TID 6) in 6198 ms on c64f0d2c37de (executor driver) (6/7)
[2024-11-10T13:59:54.856+0000] {subprocess.py:93} INFO - 24/11/10 13:59:54 INFO Executor: Finished task 0.0 in stage 1.0 (TID 1). 3191 bytes result sent to driver
[2024-11-10T13:59:54.857+0000] {subprocess.py:93} INFO - 24/11/10 13:59:54 INFO TaskSetManager: Finished task 0.0 in stage 1.0 (TID 1) in 9134 ms on c64f0d2c37de (executor driver) (7/7)
[2024-11-10T13:59:54.862+0000] {subprocess.py:93} INFO - 24/11/10 13:59:54 INFO TaskSchedulerImpl: Removed TaskSet 1.0, whose tasks have all completed, from pool
[2024-11-10T13:59:54.863+0000] {subprocess.py:93} INFO - 24/11/10 13:59:54 INFO DAGScheduler: ShuffleMapStage 1 (parquet at NativeMethodAccessorImpl.java:0) finished in 9.156 s
[2024-11-10T13:59:54.863+0000] {subprocess.py:93} INFO - 24/11/10 13:59:54 INFO DAGScheduler: looking for newly runnable stages
[2024-11-10T13:59:54.865+0000] {subprocess.py:93} INFO - 24/11/10 13:59:54 INFO DAGScheduler: running: Set()
[2024-11-10T13:59:54.866+0000] {subprocess.py:93} INFO - 24/11/10 13:59:54 INFO DAGScheduler: waiting: Set()
[2024-11-10T13:59:54.866+0000] {subprocess.py:93} INFO - 24/11/10 13:59:54 INFO DAGScheduler: failed: Set()
[2024-11-10T13:59:54.892+0000] {subprocess.py:93} INFO - 24/11/10 13:59:54 INFO ShufflePartitionsUtil: For shuffle(0), advisory target size: 67108864, actual target size 1048576, minimum partition size: 1048576
[2024-11-10T13:59:54.941+0000] {subprocess.py:93} INFO - 24/11/10 13:59:54 INFO ParquetUtils: Using default output committer for Parquet: org.apache.parquet.hadoop.ParquetOutputCommitter
[2024-11-10T13:59:54.953+0000] {subprocess.py:93} INFO - 24/11/10 13:59:54 INFO FileOutputCommitter: File Output Committer Algorithm version is 1
[2024-11-10T13:59:54.953+0000] {subprocess.py:93} INFO - 24/11/10 13:59:54 INFO FileOutputCommitter: FileOutputCommitter skip cleanup _temporary folders under output directory:false, ignore cleanup failures: false
[2024-11-10T13:59:54.954+0000] {subprocess.py:93} INFO - 24/11/10 13:59:54 INFO SQLHadoopMapReduceCommitProtocol: Using user defined output committer class org.apache.parquet.hadoop.ParquetOutputCommitter
[2024-11-10T13:59:54.954+0000] {subprocess.py:93} INFO - 24/11/10 13:59:54 INFO FileOutputCommitter: File Output Committer Algorithm version is 1
[2024-11-10T13:59:54.954+0000] {subprocess.py:93} INFO - 24/11/10 13:59:54 INFO FileOutputCommitter: FileOutputCommitter skip cleanup _temporary folders under output directory:false, ignore cleanup failures: false
[2024-11-10T13:59:54.954+0000] {subprocess.py:93} INFO - 24/11/10 13:59:54 INFO SQLHadoopMapReduceCommitProtocol: Using output committer class org.apache.parquet.hadoop.ParquetOutputCommitter
[2024-11-10T13:59:54.965+0000] {subprocess.py:93} INFO - 24/11/10 13:59:54 INFO HashAggregateExec: spark.sql.codegen.aggregate.map.twolevel.enabled is set to true, but current version of codegened fast hashmap does not support this aggregate.
[2024-11-10T13:59:54.989+0000] {subprocess.py:93} INFO - 24/11/10 13:59:54 INFO CodeGenerator: Code generated in 18.583889 ms
[2024-11-10T13:59:55.047+0000] {subprocess.py:93} INFO - 24/11/10 13:59:55 INFO SparkContext: Starting job: parquet at NativeMethodAccessorImpl.java:0
[2024-11-10T13:59:55.050+0000] {subprocess.py:93} INFO - 24/11/10 13:59:55 INFO DAGScheduler: Got job 2 (parquet at NativeMethodAccessorImpl.java:0) with 1 output partitions
[2024-11-10T13:59:55.051+0000] {subprocess.py:93} INFO - 24/11/10 13:59:55 INFO DAGScheduler: Final stage: ResultStage 3 (parquet at NativeMethodAccessorImpl.java:0)
[2024-11-10T13:59:55.052+0000] {subprocess.py:93} INFO - 24/11/10 13:59:55 INFO DAGScheduler: Parents of final stage: List(ShuffleMapStage 2)
[2024-11-10T13:59:55.053+0000] {subprocess.py:93} INFO - 24/11/10 13:59:55 INFO DAGScheduler: Missing parents: List()
[2024-11-10T13:59:55.054+0000] {subprocess.py:93} INFO - 24/11/10 13:59:55 INFO DAGScheduler: Submitting ResultStage 3 (MapPartitionsRDD[9] at parquet at NativeMethodAccessorImpl.java:0), which has no missing parents
[2024-11-10T13:59:55.078+0000] {subprocess.py:93} INFO - 24/11/10 13:59:55 INFO MemoryStore: Block broadcast_3 stored as values in memory (estimated size 245.8 KiB, free 433.9 MiB)
[2024-11-10T13:59:55.082+0000] {subprocess.py:93} INFO - 24/11/10 13:59:55 INFO MemoryStore: Block broadcast_3_piece0 stored as bytes in memory (estimated size 91.3 KiB, free 433.8 MiB)
[2024-11-10T13:59:55.082+0000] {subprocess.py:93} INFO - 24/11/10 13:59:55 INFO BlockManagerInfo: Added broadcast_3_piece0 in memory on c64f0d2c37de:38867 (size: 91.3 KiB, free: 434.3 MiB)
[2024-11-10T13:59:55.083+0000] {subprocess.py:93} INFO - 24/11/10 13:59:55 INFO SparkContext: Created broadcast 3 from broadcast at DAGScheduler.scala:1585
[2024-11-10T13:59:55.084+0000] {subprocess.py:93} INFO - 24/11/10 13:59:55 INFO DAGScheduler: Submitting 1 missing tasks from ResultStage 3 (MapPartitionsRDD[9] at parquet at NativeMethodAccessorImpl.java:0) (first 15 tasks are for partitions Vector(0))
[2024-11-10T13:59:55.084+0000] {subprocess.py:93} INFO - 24/11/10 13:59:55 INFO TaskSchedulerImpl: Adding task set 3.0 with 1 tasks resource profile 0
[2024-11-10T13:59:55.091+0000] {subprocess.py:93} INFO - 24/11/10 13:59:55 INFO TaskSetManager: Starting task 0.0 in stage 3.0 (TID 8) (c64f0d2c37de, executor driver, partition 0, NODE_LOCAL, 9774 bytes)
[2024-11-10T13:59:55.092+0000] {subprocess.py:93} INFO - 24/11/10 13:59:55 INFO Executor: Running task 0.0 in stage 3.0 (TID 8)
[2024-11-10T13:59:55.121+0000] {subprocess.py:93} INFO - 24/11/10 13:59:55 INFO FileOutputCommitter: File Output Committer Algorithm version is 1
[2024-11-10T13:59:55.122+0000] {subprocess.py:93} INFO - 24/11/10 13:59:55 INFO FileOutputCommitter: FileOutputCommitter skip cleanup _temporary folders under output directory:false, ignore cleanup failures: false
[2024-11-10T13:59:55.122+0000] {subprocess.py:93} INFO - 24/11/10 13:59:55 INFO SQLHadoopMapReduceCommitProtocol: Using user defined output committer class org.apache.parquet.hadoop.ParquetOutputCommitter
[2024-11-10T13:59:55.122+0000] {subprocess.py:93} INFO - 24/11/10 13:59:55 INFO FileOutputCommitter: File Output Committer Algorithm version is 1
[2024-11-10T13:59:55.122+0000] {subprocess.py:93} INFO - 24/11/10 13:59:55 INFO FileOutputCommitter: FileOutputCommitter skip cleanup _temporary folders under output directory:false, ignore cleanup failures: false
[2024-11-10T13:59:55.122+0000] {subprocess.py:93} INFO - 24/11/10 13:59:55 INFO SQLHadoopMapReduceCommitProtocol: Using output committer class org.apache.parquet.hadoop.ParquetOutputCommitter
[2024-11-10T13:59:55.125+0000] {subprocess.py:93} INFO - 24/11/10 13:59:55 INFO CodecConfig: Compression: SNAPPY
[2024-11-10T13:59:55.129+0000] {subprocess.py:93} INFO - 24/11/10 13:59:55 INFO CodecConfig: Compression: SNAPPY
[2024-11-10T13:59:55.144+0000] {subprocess.py:93} INFO - 24/11/10 13:59:55 INFO ParquetOutputFormat: ParquetRecordWriter [block size: 134217728b, row group padding size: 8388608b, validating: false]
[2024-11-10T13:59:55.150+0000] {subprocess.py:93} INFO - 24/11/10 13:59:55 INFO ParquetWriteSupport: Initialized Parquet WriteSupport with Catalyst schema:
[2024-11-10T13:59:55.150+0000] {subprocess.py:93} INFO - {
[2024-11-10T13:59:55.151+0000] {subprocess.py:93} INFO -   "type" : "struct",
[2024-11-10T13:59:55.151+0000] {subprocess.py:93} INFO -   "fields" : [ {
[2024-11-10T13:59:55.151+0000] {subprocess.py:93} INFO -     "name" : "brewery_type",
[2024-11-10T13:59:55.151+0000] {subprocess.py:93} INFO -     "type" : "string",
[2024-11-10T13:59:55.151+0000] {subprocess.py:93} INFO -     "nullable" : true,
[2024-11-10T13:59:55.152+0000] {subprocess.py:93} INFO -     "metadata" : { }
[2024-11-10T13:59:55.152+0000] {subprocess.py:93} INFO -   }, {
[2024-11-10T13:59:55.152+0000] {subprocess.py:93} INFO -     "name" : "city",
[2024-11-10T13:59:55.152+0000] {subprocess.py:93} INFO -     "type" : "string",
[2024-11-10T13:59:55.152+0000] {subprocess.py:93} INFO -     "nullable" : true,
[2024-11-10T13:59:55.152+0000] {subprocess.py:93} INFO -     "metadata" : { }
[2024-11-10T13:59:55.153+0000] {subprocess.py:93} INFO -   }, {
[2024-11-10T13:59:55.153+0000] {subprocess.py:93} INFO -     "name" : "state_province",
[2024-11-10T13:59:55.153+0000] {subprocess.py:93} INFO -     "type" : "string",
[2024-11-10T13:59:55.153+0000] {subprocess.py:93} INFO -     "nullable" : true,
[2024-11-10T13:59:55.153+0000] {subprocess.py:93} INFO -     "metadata" : { }
[2024-11-10T13:59:55.153+0000] {subprocess.py:93} INFO -   }, {
[2024-11-10T13:59:55.154+0000] {subprocess.py:93} INFO -     "name" : "brewery_count",
[2024-11-10T13:59:55.154+0000] {subprocess.py:93} INFO -     "type" : "long",
[2024-11-10T13:59:55.154+0000] {subprocess.py:93} INFO -     "nullable" : false,
[2024-11-10T13:59:55.154+0000] {subprocess.py:93} INFO -     "metadata" : { }
[2024-11-10T13:59:55.154+0000] {subprocess.py:93} INFO -   } ]
[2024-11-10T13:59:55.155+0000] {subprocess.py:93} INFO - }
[2024-11-10T13:59:55.155+0000] {subprocess.py:93} INFO - and corresponding Parquet message type:
[2024-11-10T13:59:55.155+0000] {subprocess.py:93} INFO - message spark_schema {
[2024-11-10T13:59:55.155+0000] {subprocess.py:93} INFO -   optional binary brewery_type (STRING);
[2024-11-10T13:59:55.155+0000] {subprocess.py:93} INFO -   optional binary city (STRING);
[2024-11-10T13:59:55.156+0000] {subprocess.py:93} INFO -   optional binary state_province (STRING);
[2024-11-10T13:59:55.156+0000] {subprocess.py:93} INFO -   required int64 brewery_count;
[2024-11-10T13:59:55.156+0000] {subprocess.py:93} INFO - }
[2024-11-10T13:59:55.156+0000] {subprocess.py:93} INFO - 
[2024-11-10T13:59:55.157+0000] {subprocess.py:93} INFO - 
[2024-11-10T13:59:55.178+0000] {subprocess.py:93} INFO - 24/11/10 13:59:55 INFO CodecPool: Got brand-new compressor [.snappy]
[2024-11-10T13:59:55.232+0000] {subprocess.py:93} INFO - 24/11/10 13:59:55 INFO ShuffleBlockFetcherIterator: Getting 7 (250.6 KiB) non-empty blocks including 7 (250.6 KiB) local and 0 (0.0 B) host-local and 0 (0.0 B) push-merged-local and 0 (0.0 B) remote blocks
[2024-11-10T13:59:55.234+0000] {subprocess.py:93} INFO - 24/11/10 13:59:55 INFO ShuffleBlockFetcherIterator: Started 0 remote fetches in 10 ms
[2024-11-10T13:59:55.262+0000] {subprocess.py:93} INFO - 24/11/10 13:59:55 INFO CodeGenerator: Code generated in 24.353411 ms
[2024-11-10T13:59:55.399+0000] {subprocess.py:93} INFO - 24/11/10 13:59:55 INFO FileOutputCommitter: Saved output of task 'attempt_202411101359555358516280293025626_0003_m_000000_8' to file:/opt/***/dags/temp/breweries/aggregated_breweries/_temporary/0/task_202411101359555358516280293025626_0003_m_000000
[2024-11-10T13:59:55.399+0000] {subprocess.py:93} INFO - 24/11/10 13:59:55 INFO SparkHadoopMapRedUtil: attempt_202411101359555358516280293025626_0003_m_000000_8: Committed. Elapsed time: 0 ms.
[2024-11-10T13:59:55.406+0000] {subprocess.py:93} INFO - 24/11/10 13:59:55 INFO Executor: Finished task 0.0 in stage 3.0 (TID 8). 6563 bytes result sent to driver
[2024-11-10T13:59:55.407+0000] {subprocess.py:93} INFO - 24/11/10 13:59:55 INFO TaskSetManager: Finished task 0.0 in stage 3.0 (TID 8) in 320 ms on c64f0d2c37de (executor driver) (1/1)
[2024-11-10T13:59:55.408+0000] {subprocess.py:93} INFO - 24/11/10 13:59:55 INFO TaskSchedulerImpl: Removed TaskSet 3.0, whose tasks have all completed, from pool
[2024-11-10T13:59:55.409+0000] {subprocess.py:93} INFO - 24/11/10 13:59:55 INFO DAGScheduler: ResultStage 3 (parquet at NativeMethodAccessorImpl.java:0) finished in 0.355 s
[2024-11-10T13:59:55.410+0000] {subprocess.py:93} INFO - 24/11/10 13:59:55 INFO DAGScheduler: Job 2 is finished. Cancelling potential speculative or zombie tasks for this job
[2024-11-10T13:59:55.410+0000] {subprocess.py:93} INFO - 24/11/10 13:59:55 INFO TaskSchedulerImpl: Killing all running tasks in stage 3: Stage finished
[2024-11-10T13:59:55.411+0000] {subprocess.py:93} INFO - 24/11/10 13:59:55 INFO DAGScheduler: Job 2 finished: parquet at NativeMethodAccessorImpl.java:0, took 0.363714 s
[2024-11-10T13:59:55.413+0000] {subprocess.py:93} INFO - 24/11/10 13:59:55 INFO FileFormatWriter: Start to commit write Job 09b9c959-b031-4c3d-9668-6cd711de89a4.
[2024-11-10T13:59:55.424+0000] {subprocess.py:93} INFO - 24/11/10 13:59:55 INFO FileFormatWriter: Write Job 09b9c959-b031-4c3d-9668-6cd711de89a4 committed. Elapsed time: 10 ms.
[2024-11-10T13:59:55.426+0000] {subprocess.py:93} INFO - 24/11/10 13:59:55 INFO FileFormatWriter: Finished processing stats for write job 09b9c959-b031-4c3d-9668-6cd711de89a4.
[2024-11-10T13:59:55.436+0000] {subprocess.py:93} INFO - INFO:azure.core.pipeline.policies.http_logging_policy:Request URL: 'https://blobinbevtestbr.blob.core.windows.net/gold-inbev-test?restype=REDACTED&comp=REDACTED&prefix=REDACTED'
[2024-11-10T13:59:55.437+0000] {subprocess.py:93} INFO - Request method: 'GET'
[2024-11-10T13:59:55.438+0000] {subprocess.py:93} INFO - Request headers:
[2024-11-10T13:59:55.439+0000] {subprocess.py:93} INFO -     'x-ms-version': 'REDACTED'
[2024-11-10T13:59:55.439+0000] {subprocess.py:93} INFO -     'Accept': 'application/xml'
[2024-11-10T13:59:55.439+0000] {subprocess.py:93} INFO -     'User-Agent': 'azsdk-python-storage-blob/12.22.0 Python/3.12.6 (Linux-6.10.13-3-MANJARO-x86_64-with-glibc2.36)'
[2024-11-10T13:59:55.439+0000] {subprocess.py:93} INFO -     'x-ms-date': 'REDACTED'
[2024-11-10T13:59:55.440+0000] {subprocess.py:93} INFO -     'x-ms-client-request-id': '108745a8-9f6c-11ef-832b-0242ac120007'
[2024-11-10T13:59:55.440+0000] {subprocess.py:93} INFO -     'Authorization': 'REDACTED'
[2024-11-10T13:59:55.440+0000] {subprocess.py:93} INFO - No body was attached to the request
[2024-11-10T13:59:56.440+0000] {subprocess.py:93} INFO - INFO:azure.core.pipeline.policies.http_logging_policy:Response status: 200
[2024-11-10T13:59:56.440+0000] {subprocess.py:93} INFO - Response headers:
[2024-11-10T13:59:56.440+0000] {subprocess.py:93} INFO -     'Transfer-Encoding': 'chunked'
[2024-11-10T13:59:56.440+0000] {subprocess.py:93} INFO -     'Content-Type': 'application/xml'
[2024-11-10T13:59:56.441+0000] {subprocess.py:93} INFO -     'Server': 'Windows-Azure-Blob/1.0 Microsoft-HTTPAPI/2.0'
[2024-11-10T13:59:56.441+0000] {subprocess.py:93} INFO -     'x-ms-request-id': 'e550762f-c01e-000b-6278-331e11000000'
[2024-11-10T13:59:56.441+0000] {subprocess.py:93} INFO -     'x-ms-client-request-id': '108745a8-9f6c-11ef-832b-0242ac120007'
[2024-11-10T13:59:56.441+0000] {subprocess.py:93} INFO -     'x-ms-version': 'REDACTED'
[2024-11-10T13:59:56.441+0000] {subprocess.py:93} INFO -     'Date': 'Sun, 10 Nov 2024 13:59:56 GMT'
[2024-11-10T13:59:56.441+0000] {subprocess.py:93} INFO - Deleting blob: openbrewerydb/aggregated_breweries/part-00000-ae0d44f7-1c72-4a45-8aaa-ff142e7b8899-c000.snappy.parquet
[2024-11-10T13:59:56.442+0000] {subprocess.py:93} INFO - INFO:azure.core.pipeline.policies.http_logging_policy:Request URL: 'https://blobinbevtestbr.blob.core.windows.net/gold-inbev-test/openbrewerydb/aggregated_breweries/part-00000-ae0d44f7-1c72-4a45-8aaa-ff142e7b8899-c000.snappy.parquet'
[2024-11-10T13:59:56.442+0000] {subprocess.py:93} INFO - Request method: 'DELETE'
[2024-11-10T13:59:56.442+0000] {subprocess.py:93} INFO - Request headers:
[2024-11-10T13:59:56.442+0000] {subprocess.py:93} INFO -     'x-ms-version': 'REDACTED'
[2024-11-10T13:59:56.442+0000] {subprocess.py:93} INFO -     'Accept': 'application/xml'
[2024-11-10T13:59:56.442+0000] {subprocess.py:93} INFO -     'User-Agent': 'azsdk-python-storage-blob/12.22.0 Python/3.12.6 (Linux-6.10.13-3-MANJARO-x86_64-with-glibc2.36)'
[2024-11-10T13:59:56.442+0000] {subprocess.py:93} INFO -     'x-ms-date': 'REDACTED'
[2024-11-10T13:59:56.442+0000] {subprocess.py:93} INFO -     'x-ms-client-request-id': '1120c1ce-9f6c-11ef-832b-0242ac120007'
[2024-11-10T13:59:56.443+0000] {subprocess.py:93} INFO -     'Authorization': 'REDACTED'
[2024-11-10T13:59:56.443+0000] {subprocess.py:93} INFO - No body was attached to the request
[2024-11-10T13:59:56.662+0000] {subprocess.py:93} INFO - INFO:azure.core.pipeline.policies.http_logging_policy:Response status: 202
[2024-11-10T13:59:56.662+0000] {subprocess.py:93} INFO - Response headers:
[2024-11-10T13:59:56.662+0000] {subprocess.py:93} INFO -     'Content-Length': '0'
[2024-11-10T13:59:56.662+0000] {subprocess.py:93} INFO -     'Server': 'Windows-Azure-Blob/1.0 Microsoft-HTTPAPI/2.0'
[2024-11-10T13:59:56.663+0000] {subprocess.py:93} INFO -     'x-ms-request-id': 'e55076b8-c01e-000b-5f78-331e11000000'
[2024-11-10T13:59:56.663+0000] {subprocess.py:93} INFO -     'x-ms-client-request-id': '1120c1ce-9f6c-11ef-832b-0242ac120007'
[2024-11-10T13:59:56.663+0000] {subprocess.py:93} INFO -     'x-ms-version': 'REDACTED'
[2024-11-10T13:59:56.663+0000] {subprocess.py:93} INFO -     'x-ms-delete-type-permanent': 'REDACTED'
[2024-11-10T13:59:56.663+0000] {subprocess.py:93} INFO -     'Date': 'Sun, 10 Nov 2024 13:59:56 GMT'
[2024-11-10T13:59:56.663+0000] {subprocess.py:93} INFO - All blobs in folder 'openbrewerydb/aggregated_breweries' have been deleted.
[2024-11-10T13:59:56.664+0000] {subprocess.py:93} INFO - INFO:__main__:Uploading aggregated_breweries DataFrame to Azure Blob Storage...
[2024-11-10T13:59:56.664+0000] {subprocess.py:93} INFO - INFO:azure.core.pipeline.policies.http_logging_policy:Request URL: 'https://blobinbevtestbr.blob.core.windows.net/gold-inbev-test?restype=REDACTED'
[2024-11-10T13:59:56.664+0000] {subprocess.py:93} INFO - Request method: 'GET'
[2024-11-10T13:59:56.664+0000] {subprocess.py:93} INFO - Request headers:
[2024-11-10T13:59:56.664+0000] {subprocess.py:93} INFO -     'x-ms-version': 'REDACTED'
[2024-11-10T13:59:56.664+0000] {subprocess.py:93} INFO -     'Accept': 'application/xml'
[2024-11-10T13:59:56.665+0000] {subprocess.py:93} INFO -     'User-Agent': 'azsdk-python-storage-blob/12.22.0 Python/3.12.6 (Linux-6.10.13-3-MANJARO-x86_64-with-glibc2.36)'
[2024-11-10T13:59:56.665+0000] {subprocess.py:93} INFO -     'x-ms-date': 'REDACTED'
[2024-11-10T13:59:56.665+0000] {subprocess.py:93} INFO -     'x-ms-client-request-id': '11426c48-9f6c-11ef-832b-0242ac120007'
[2024-11-10T13:59:56.665+0000] {subprocess.py:93} INFO -     'Authorization': 'REDACTED'
[2024-11-10T13:59:56.665+0000] {subprocess.py:93} INFO - No body was attached to the request
[2024-11-10T13:59:57.463+0000] {subprocess.py:93} INFO - INFO:azure.core.pipeline.policies.http_logging_policy:Response status: 200
[2024-11-10T13:59:57.463+0000] {subprocess.py:93} INFO - Response headers:
[2024-11-10T13:59:57.464+0000] {subprocess.py:93} INFO -     'Content-Length': '0'
[2024-11-10T13:59:57.464+0000] {subprocess.py:93} INFO -     'Last-Modified': 'Tue, 05 Nov 2024 19:47:31 GMT'
[2024-11-10T13:59:57.464+0000] {subprocess.py:93} INFO -     'ETag': '"0x8DCFDD2AFFB5DBD"'
[2024-11-10T13:59:57.464+0000] {subprocess.py:93} INFO -     'Server': 'Windows-Azure-Blob/1.0 Microsoft-HTTPAPI/2.0'
[2024-11-10T13:59:57.464+0000] {subprocess.py:93} INFO -     'x-ms-request-id': '7f897878-401e-0093-0d78-333e70000000'
[2024-11-10T13:59:57.464+0000] {subprocess.py:93} INFO -     'x-ms-client-request-id': '11426c48-9f6c-11ef-832b-0242ac120007'
[2024-11-10T13:59:57.464+0000] {subprocess.py:93} INFO -     'x-ms-version': 'REDACTED'
[2024-11-10T13:59:57.464+0000] {subprocess.py:93} INFO -     'x-ms-lease-status': 'REDACTED'
[2024-11-10T13:59:57.464+0000] {subprocess.py:93} INFO -     'x-ms-lease-state': 'REDACTED'
[2024-11-10T13:59:57.465+0000] {subprocess.py:93} INFO -     'x-ms-has-immutability-policy': 'REDACTED'
[2024-11-10T13:59:57.465+0000] {subprocess.py:93} INFO -     'x-ms-has-legal-hold': 'REDACTED'
[2024-11-10T13:59:57.465+0000] {subprocess.py:93} INFO -     'x-ms-immutable-storage-with-versioning-enabled': 'REDACTED'
[2024-11-10T13:59:57.465+0000] {subprocess.py:93} INFO -     'x-ms-default-encryption-scope': 'REDACTED'
[2024-11-10T13:59:57.465+0000] {subprocess.py:93} INFO -     'x-ms-deny-encryption-scope-override': 'REDACTED'
[2024-11-10T13:59:57.465+0000] {subprocess.py:93} INFO -     'Date': 'Sun, 10 Nov 2024 13:59:57 GMT'
[2024-11-10T13:59:57.465+0000] {subprocess.py:93} INFO - INFO:azure.core.pipeline.policies.http_logging_policy:Request URL: 'https://blobinbevtestbr.blob.core.windows.net/gold-inbev-test/openbrewerydb/aggregated_breweries/part-00000-42fc2f5e-04a6-4234-8159-1215563ebbd0-c000.snappy.parquet'
[2024-11-10T13:59:57.465+0000] {subprocess.py:93} INFO - Request method: 'PUT'
[2024-11-10T13:59:57.466+0000] {subprocess.py:93} INFO - Request headers:
[2024-11-10T13:59:57.466+0000] {subprocess.py:93} INFO -     'Content-Length': '46628'
[2024-11-10T13:59:57.466+0000] {subprocess.py:93} INFO -     'x-ms-blob-type': 'REDACTED'
[2024-11-10T13:59:57.466+0000] {subprocess.py:93} INFO -     'x-ms-version': 'REDACTED'
[2024-11-10T13:59:57.466+0000] {subprocess.py:93} INFO -     'Content-Type': 'application/octet-stream'
[2024-11-10T13:59:57.466+0000] {subprocess.py:93} INFO -     'Accept': 'application/xml'
[2024-11-10T13:59:57.467+0000] {subprocess.py:93} INFO -     'User-Agent': 'azsdk-python-storage-blob/12.22.0 Python/3.12.6 (Linux-6.10.13-3-MANJARO-x86_64-with-glibc2.36)'
[2024-11-10T13:59:57.467+0000] {subprocess.py:93} INFO -     'x-ms-date': 'REDACTED'
[2024-11-10T13:59:57.467+0000] {subprocess.py:93} INFO -     'x-ms-client-request-id': '11bcbf52-9f6c-11ef-832b-0242ac120007'
[2024-11-10T13:59:57.467+0000] {subprocess.py:93} INFO -     'Authorization': 'REDACTED'
[2024-11-10T13:59:57.467+0000] {subprocess.py:93} INFO - A body is sent with the request
[2024-11-10T13:59:58.079+0000] {subprocess.py:93} INFO - INFO:azure.core.pipeline.policies.http_logging_policy:Response status: 201
[2024-11-10T13:59:58.079+0000] {subprocess.py:93} INFO - Response headers:
[2024-11-10T13:59:58.080+0000] {subprocess.py:93} INFO -     'Content-Length': '0'
[2024-11-10T13:59:58.080+0000] {subprocess.py:93} INFO -     'Content-MD5': 'REDACTED'
[2024-11-10T13:59:58.080+0000] {subprocess.py:93} INFO -     'Last-Modified': 'Sun, 10 Nov 2024 13:59:57 GMT'
[2024-11-10T13:59:58.080+0000] {subprocess.py:93} INFO -     'ETag': '"0x8DD018FF63FAED8"'
[2024-11-10T13:59:58.080+0000] {subprocess.py:93} INFO -     'Server': 'Windows-Azure-Blob/1.0 Microsoft-HTTPAPI/2.0'
[2024-11-10T13:59:58.080+0000] {subprocess.py:93} INFO -     'x-ms-request-id': '7f897914-401e-0093-1c78-333e70000000'
[2024-11-10T13:59:58.080+0000] {subprocess.py:93} INFO -     'x-ms-client-request-id': '11bcbf52-9f6c-11ef-832b-0242ac120007'
[2024-11-10T13:59:58.081+0000] {subprocess.py:93} INFO -     'x-ms-version': 'REDACTED'
[2024-11-10T13:59:58.081+0000] {subprocess.py:93} INFO -     'x-ms-content-crc64': 'REDACTED'
[2024-11-10T13:59:58.081+0000] {subprocess.py:93} INFO -     'x-ms-request-server-encrypted': 'REDACTED'
[2024-11-10T13:59:58.081+0000] {subprocess.py:93} INFO -     'Date': 'Sun, 10 Nov 2024 13:59:57 GMT'
[2024-11-10T13:59:58.081+0000] {subprocess.py:93} INFO - Uploaded '/opt/***/dags/temp/breweries/aggregated_breweries/part-00000-42fc2f5e-04a6-4234-8159-1215563ebbd0-c000.snappy.parquet' to 'openbrewerydb/aggregated_breweries/part-00000-42fc2f5e-04a6-4234-8159-1215563ebbd0-c000.snappy.parquet' in Azure Blob Storage.
[2024-11-10T13:59:58.081+0000] {subprocess.py:93} INFO - INFO:__main__:Cleaning up local files at /opt/***/dags/temp/breweries...
[2024-11-10T13:59:58.081+0000] {subprocess.py:93} INFO - Folder '/opt/***/dags/temp/breweries' and its contents have been deleted.
[2024-11-10T13:59:58.081+0000] {subprocess.py:93} INFO - 24/11/10 13:59:58 INFO SparkContext: SparkContext is stopping with exitCode 0.
[2024-11-10T13:59:58.088+0000] {subprocess.py:93} INFO - 24/11/10 13:59:58 INFO SparkUI: Stopped Spark web UI at http://c64f0d2c37de:4040
[2024-11-10T13:59:58.098+0000] {subprocess.py:93} INFO - 24/11/10 13:59:58 INFO MapOutputTrackerMasterEndpoint: MapOutputTrackerMasterEndpoint stopped!
[2024-11-10T13:59:58.107+0000] {subprocess.py:93} INFO - 24/11/10 13:59:58 INFO MemoryStore: MemoryStore cleared
[2024-11-10T13:59:58.107+0000] {subprocess.py:93} INFO - 24/11/10 13:59:58 INFO BlockManager: BlockManager stopped
[2024-11-10T13:59:58.109+0000] {subprocess.py:93} INFO - 24/11/10 13:59:58 INFO BlockManagerMaster: BlockManagerMaster stopped
[2024-11-10T13:59:58.112+0000] {subprocess.py:93} INFO - 24/11/10 13:59:58 INFO OutputCommitCoordinator$OutputCommitCoordinatorEndpoint: OutputCommitCoordinator stopped!
[2024-11-10T13:59:58.119+0000] {subprocess.py:93} INFO - 24/11/10 13:59:58 INFO SparkContext: Successfully stopped SparkContext
[2024-11-10T13:59:58.564+0000] {subprocess.py:93} INFO - INFO:__main__:Spark session stopped.
[2024-11-10T13:59:58.566+0000] {subprocess.py:93} INFO - INFO:py4j.clientserver:Closing down clientserver connection
[2024-11-10T13:59:58.701+0000] {subprocess.py:93} INFO - 24/11/10 13:59:58 INFO ShutdownHookManager: Shutdown hook called
[2024-11-10T13:59:58.702+0000] {subprocess.py:93} INFO - 24/11/10 13:59:58 INFO ShutdownHookManager: Deleting directory /tmp/spark-640040e3-e3e0-46ed-9b84-5812222690ba
[2024-11-10T13:59:58.705+0000] {subprocess.py:93} INFO - 24/11/10 13:59:58 INFO ShutdownHookManager: Deleting directory /tmp/spark-aadc2737-23ce-402f-8409-4de028246243
[2024-11-10T13:59:58.708+0000] {subprocess.py:93} INFO - 24/11/10 13:59:58 INFO ShutdownHookManager: Deleting directory /tmp/spark-640040e3-e3e0-46ed-9b84-5812222690ba/pyspark-752105dc-7eb7-451d-aa53-ad3b46ef2ef3
[2024-11-10T13:59:58.712+0000] {subprocess.py:93} INFO - 24/11/10 13:59:58 INFO MetricsSystemImpl: Stopping azure-file-system metrics system...
[2024-11-10T13:59:58.713+0000] {subprocess.py:93} INFO - 24/11/10 13:59:58 INFO MetricsSystemImpl: azure-file-system metrics system stopped.
[2024-11-10T13:59:58.713+0000] {subprocess.py:93} INFO - 24/11/10 13:59:58 INFO MetricsSystemImpl: azure-file-system metrics system shutdown complete.
[2024-11-10T13:59:58.743+0000] {subprocess.py:97} INFO - Command exited with return code 0
[2024-11-10T13:59:58.763+0000] {taskinstance.py:340} INFO - ::group::Post task execution logs
[2024-11-10T13:59:58.764+0000] {taskinstance.py:352} INFO - Marking task as SUCCESS. dag_id=openbrewerydb_dag, task_id=spark_submit_gold_job, run_id=manual__2024-11-10T13:57:14.987733+00:00, execution_date=20241110T135714, start_date=20241110T135924, end_date=20241110T135958
[2024-11-10T13:59:58.790+0000] {local_task_job_runner.py:266} INFO - Task exited with return code 0
[2024-11-10T13:59:58.802+0000] {taskinstance.py:3900} INFO - 0 downstream tasks scheduled from follow-on schedule check
[2024-11-10T13:59:58.802+0000] {local_task_job_runner.py:245} INFO - ::endgroup::
